2021-01-12 20:30:49,601 INFO org.springframework.boot.StartupInfoLogger [main] Starting DatingSiteApplicationTests on LAPTOP-N48LAB97 with PID 11412 (started by chris in D:\Dating-site)
2021-01-12 20:30:49,606 INFO org.springframework.boot.SpringApplication [main] No active profile set, falling back to default profiles: default
2021-01-12 20:30:51,891 INFO org.springframework.data.repository.config.RepositoryConfigurationDelegate [main] Bootstrapping Spring Data JPA repositories in DEFERRED mode.
2021-01-12 20:30:51,974 INFO org.springframework.data.repository.config.RepositoryConfigurationDelegate [main] Finished Spring Data repository scanning in 35ms. Found 0 JPA repository interfaces.
2021-01-12 20:30:53,385 INFO org.hibernate.Version [main] HHH000412: Hibernate ORM core version 5.4.22.Final
2021-01-12 20:30:54,474 INFO org.hibernate.annotations.common.reflection.java.JavaReflectionManager [main] HCANN000001: Hibernate Commons Annotations {5.1.0.Final}
2021-01-12 20:30:54,860 INFO org.hibernate.dialect.Dialect [main] HHH000400: Using dialect: org.hibernate.dialect.MySQL5Dialect
2021-01-12 20:30:55,956 INFO org.hibernate.tuple.PojoInstantiator [main] HHH000182: No default (no-argument) constructor for class: com.chrisenochdatingsite.Dating.site.entity.OpenQuestionImpl (class must be instantiated by Interceptor)
2021-01-12 20:30:56,135 INFO org.hibernate.engine.transaction.jta.platform.internal.JtaPlatformInitiator [main] HHH000490: Using JtaPlatform implementation: [org.hibernate.engine.transaction.jta.platform.internal.NoJtaPlatform]
2021-01-12 20:30:56,917 WARN org.springframework.boot.autoconfigure.orm.jpa.JpaBaseConfiguration$JpaWebConfiguration [main] spring.jpa.open-in-view is enabled by default. Therefore, database queries may be performed during view rendering. Explicitly configure spring.jpa.open-in-view to disable this warning
2021-01-12 20:30:57,351 INFO org.springframework.scheduling.concurrent.ExecutorConfigurationSupport [main] Initializing ExecutorService 'applicationTaskExecutor'
2021-01-12 20:30:57,440 INFO org.springframework.boot.autoconfigure.h2.H2ConsoleAutoConfiguration [main] H2 console available at '/h2-console'. Database available at 'jdbc:h2:mem:test'
2021-01-12 20:30:58,005 INFO org.springframework.data.repository.config.DeferredRepositoryInitializationListener [main] Triggering deferred initialization of Spring Data repositories…
2021-01-12 20:30:58,008 INFO org.springframework.data.repository.config.DeferredRepositoryInitializationListener [main] Spring Data repositories initialized!
2021-01-12 20:30:58,032 INFO org.springframework.boot.StartupInfoLogger [main] Started DatingSiteApplicationTests in 9.527 seconds (JVM running for 13.578)
2021-01-12 20:30:58,972 INFO org.springframework.test.context.support.AbstractTestContextBootstrapper [main] Neither @ContextConfiguration nor @ContextHierarchy found for test class [com.chrisenochdatingsite.Dating.site.TestH2], using SpringBootContextLoader
2021-01-12 20:30:58,974 INFO org.springframework.test.context.support.AbstractContextLoader [main] Could not detect default resource locations for test class [com.chrisenochdatingsite.Dating.site.TestH2]: no resource found for suffixes {-context.xml, Context.groovy}.
2021-01-12 20:30:58,975 INFO org.springframework.test.context.support.AnnotationConfigContextLoaderUtils [main] Could not detect default configuration classes for test class [com.chrisenochdatingsite.Dating.site.TestH2]: TestH2 does not declare any static, non-private, non-final, nested classes annotated with @Configuration.
2021-01-12 20:30:58,979 INFO org.springframework.boot.test.context.SpringBootTestContextBootstrapper [main] Found @SpringBootConfiguration com.chrisenochdatingsite.Dating.site.DatingSiteApplication for test class com.chrisenochdatingsite.Dating.site.TestH2
2021-01-12 20:30:58,982 INFO org.springframework.test.context.support.AbstractTestContextBootstrapper [main] Loaded default TestExecutionListener class names from location [META-INF/spring.factories]: [org.springframework.boot.test.mock.mockito.MockitoTestExecutionListener, org.springframework.boot.test.mock.mockito.ResetMocksTestExecutionListener, org.springframework.boot.test.autoconfigure.restdocs.RestDocsTestExecutionListener, org.springframework.boot.test.autoconfigure.web.client.MockRestServiceServerResetTestExecutionListener, org.springframework.boot.test.autoconfigure.web.servlet.MockMvcPrintOnlyOnFailureTestExecutionListener, org.springframework.boot.test.autoconfigure.web.servlet.WebDriverTestExecutionListener, org.springframework.boot.test.autoconfigure.webservices.client.MockWebServiceServerTestExecutionListener, org.springframework.test.context.web.ServletTestExecutionListener, org.springframework.test.context.support.DirtiesContextBeforeModesTestExecutionListener, org.springframework.test.context.support.DependencyInjectionTestExecutionListener, org.springframework.test.context.support.DirtiesContextTestExecutionListener, org.springframework.test.context.transaction.TransactionalTestExecutionListener, org.springframework.test.context.jdbc.SqlScriptsTestExecutionListener, org.springframework.test.context.event.EventPublishingTestExecutionListener]
2021-01-12 20:30:58,984 INFO org.springframework.test.context.support.AbstractTestContextBootstrapper [main] Using TestExecutionListeners: [org.springframework.test.context.web.ServletTestExecutionListener@1afabf06, org.springframework.test.context.support.DirtiesContextBeforeModesTestExecutionListener@33060020, org.springframework.boot.test.mock.mockito.MockitoTestExecutionListener@443b6765, org.springframework.boot.test.autoconfigure.SpringBootDependencyInjectionTestExecutionListener@a72925, org.springframework.test.context.support.DirtiesContextTestExecutionListener@4feaa4b8, org.springframework.test.context.transaction.TransactionalTestExecutionListener@4c6eaa65, org.springframework.test.context.jdbc.SqlScriptsTestExecutionListener@53f1fcc2, org.springframework.test.context.event.EventPublishingTestExecutionListener@6a261998, org.springframework.boot.test.mock.mockito.ResetMocksTestExecutionListener@70f3bf00, org.springframework.boot.test.autoconfigure.restdocs.RestDocsTestExecutionListener@49770ef9, org.springframework.boot.test.autoconfigure.web.client.MockRestServiceServerResetTestExecutionListener@15bcecf9, org.springframework.boot.test.autoconfigure.web.servlet.MockMvcPrintOnlyOnFailureTestExecutionListener@4f0cdd0f, org.springframework.boot.test.autoconfigure.web.servlet.WebDriverTestExecutionListener@22ea6051, org.springframework.boot.test.autoconfigure.webservices.client.MockWebServiceServerTestExecutionListener@539bb233]
2021-01-12 20:30:59,528 DEBUG org.jboss.logging.DelegatingBasicLogger [main] Executing batch size: 1
2021-01-12 20:30:59,558 DEBUG org.jboss.logging.DelegatingBasicLogger [main] Executing batch size: 1
2021-01-12 20:30:59,593 DEBUG org.jboss.logging.DelegatingBasicLogger [main] Executing batch size: 1
2021-01-12 20:30:59,615 DEBUG org.jboss.logging.DelegatingBasicLogger [main] Executing batch size: 1
2021-01-12 20:30:59,634 DEBUG org.jboss.logging.DelegatingBasicLogger [main] Executing batch size: 1
2021-01-12 20:30:59,640 DEBUG org.jboss.logging.DelegatingBasicLogger [main] Executing batch size: 1
2021-01-12 20:30:59,645 DEBUG org.jboss.logging.DelegatingBasicLogger [main] Executing batch size: 1
2021-01-12 20:30:59,653 DEBUG org.jboss.logging.DelegatingBasicLogger [main] Executing batch size: 1
2021-01-12 20:30:59,668 DEBUG org.jboss.logging.DelegatingBasicLogger [main] Executing batch size: 1
2021-01-12 20:30:59,721 DEBUG org.jboss.logging.DelegatingBasicLogger [main] Executing batch size: 1
2021-01-12 20:30:59,723 DEBUG org.jboss.logging.DelegatingBasicLogger [main] Executing batch size: 3
2021-01-12 20:30:59,829 DEBUG org.jboss.logging.DelegatingBasicLogger [main] Executing batch size: 5
2021-01-12 20:30:59,835 DEBUG org.jboss.logging.DelegatingBasicLogger [main] Executing batch size: 3
2021-01-12 20:30:59,865 DEBUG org.jboss.logging.DelegatingBasicLogger [main] Executing batch size: 1
2021-01-12 20:30:59,867 INFO org.hibernate.engine.jdbc.batch.internal.AbstractBatchImpl [main] HHH000010: On release of batch it still contained JDBC statements
2021-01-12 20:30:59,869 ERROR org.hibernate.engine.jdbc.batch.internal.BatchingBatch [main] HHH000315: Exception executing batch [org.h2.jdbc.JdbcBatchUpdateException: Violación de Check constraint: "ANSWER_CONTENT_CHECK: (CASE WHEN (ANSWER_TYPE = 'answer_weighted') THEN CASE WHEN (ANSWERWEIGHT IS NOT NULL) THEN 1 ELSE 0 END ELSE 1 END = 1)"
Check constraint violation: "ANSWER_CONTENT_CHECK: (CASE WHEN (ANSWER_TYPE = 'answer_weighted') THEN CASE WHEN (ANSWERWEIGHT IS NOT NULL) THEN 1 ELSE 0 END ELSE 1 END = 1)"; SQL statement:
insert into Answer (answerText, question_id, answerWeight, answer_type, id) values (?, ?, ?, 'answer_weighted', ?) [23513-200]], SQL: insert into Answer (answerText, question_id, answerWeight, answer_type, id) values (?, ?, ?, 'answer_weighted', ?)
2021-01-12 20:30:59,870 WARN org.hibernate.engine.jdbc.spi.SqlExceptionHelper [main] SQL Error: 23513, SQLState: 23513
2021-01-12 20:30:59,871 ERROR org.hibernate.engine.jdbc.spi.SqlExceptionHelper [main] Violación de Check constraint: "ANSWER_CONTENT_CHECK: (CASE WHEN (ANSWER_TYPE = 'answer_weighted') THEN CASE WHEN (ANSWERWEIGHT IS NOT NULL) THEN 1 ELSE 0 END ELSE 1 END = 1)"
Check constraint violation: "ANSWER_CONTENT_CHECK: (CASE WHEN (ANSWER_TYPE = 'answer_weighted') THEN CASE WHEN (ANSWERWEIGHT IS NOT NULL) THEN 1 ELSE 0 END ELSE 1 END = 1)"; SQL statement:
insert into Answer (answerText, question_id, answerWeight, answer_type, id) values (?, ?, ?, 'answer_weighted', ?) [23513-200]
2021-01-12 20:30:59,969 INFO org.springframework.test.context.support.AbstractTestContextBootstrapper [main] Neither @ContextConfiguration nor @ContextHierarchy found for test class [com.chrisenochdatingsite.Dating.site.TestHomeController], using SpringBootContextLoader
2021-01-12 20:30:59,976 INFO org.springframework.test.context.support.AbstractContextLoader [main] Could not detect default resource locations for test class [com.chrisenochdatingsite.Dating.site.TestHomeController]: no resource found for suffixes {-context.xml, Context.groovy}.
2021-01-12 20:30:59,979 INFO org.springframework.test.context.support.AnnotationConfigContextLoaderUtils [main] Could not detect default configuration classes for test class [com.chrisenochdatingsite.Dating.site.TestHomeController]: TestHomeController does not declare any static, non-private, non-final, nested classes annotated with @Configuration.
2021-01-12 20:30:59,988 INFO org.springframework.boot.test.context.SpringBootTestContextBootstrapper [main] Found @SpringBootConfiguration com.chrisenochdatingsite.Dating.site.DatingSiteApplication for test class com.chrisenochdatingsite.Dating.site.TestHomeController
2021-01-12 20:30:59,993 INFO org.springframework.test.context.support.AbstractTestContextBootstrapper [main] Loaded default TestExecutionListener class names from location [META-INF/spring.factories]: [org.springframework.boot.test.mock.mockito.MockitoTestExecutionListener, org.springframework.boot.test.mock.mockito.ResetMocksTestExecutionListener, org.springframework.boot.test.autoconfigure.restdocs.RestDocsTestExecutionListener, org.springframework.boot.test.autoconfigure.web.client.MockRestServiceServerResetTestExecutionListener, org.springframework.boot.test.autoconfigure.web.servlet.MockMvcPrintOnlyOnFailureTestExecutionListener, org.springframework.boot.test.autoconfigure.web.servlet.WebDriverTestExecutionListener, org.springframework.boot.test.autoconfigure.webservices.client.MockWebServiceServerTestExecutionListener, org.springframework.test.context.web.ServletTestExecutionListener, org.springframework.test.context.support.DirtiesContextBeforeModesTestExecutionListener, org.springframework.test.context.support.DependencyInjectionTestExecutionListener, org.springframework.test.context.support.DirtiesContextTestExecutionListener, org.springframework.test.context.transaction.TransactionalTestExecutionListener, org.springframework.test.context.jdbc.SqlScriptsTestExecutionListener, org.springframework.test.context.event.EventPublishingTestExecutionListener]
2021-01-12 20:30:59,994 INFO org.springframework.test.context.support.AbstractTestContextBootstrapper [main] Using TestExecutionListeners: [org.springframework.test.context.web.ServletTestExecutionListener@89178b4, org.springframework.test.context.support.DirtiesContextBeforeModesTestExecutionListener@5c7d675c, org.springframework.boot.test.mock.mockito.MockitoTestExecutionListener@64836643, org.springframework.boot.test.autoconfigure.SpringBootDependencyInjectionTestExecutionListener@981d9d2, org.springframework.test.context.support.DirtiesContextTestExecutionListener@ad6448e, org.springframework.test.context.transaction.TransactionalTestExecutionListener@3da6950f, org.springframework.test.context.jdbc.SqlScriptsTestExecutionListener@42684d86, org.springframework.test.context.event.EventPublishingTestExecutionListener@45a05350, org.springframework.boot.test.mock.mockito.ResetMocksTestExecutionListener@7d6a9d5e, org.springframework.boot.test.autoconfigure.restdocs.RestDocsTestExecutionListener@74ed7111, org.springframework.boot.test.autoconfigure.web.client.MockRestServiceServerResetTestExecutionListener@74691677, org.springframework.boot.test.autoconfigure.web.servlet.MockMvcPrintOnlyOnFailureTestExecutionListener@3314f179, org.springframework.boot.test.autoconfigure.web.servlet.WebDriverTestExecutionListener@1abd1a28, org.springframework.boot.test.autoconfigure.webservices.client.MockWebServiceServerTestExecutionListener@5478597]
2021-01-12 20:31:00,092 INFO org.springframework.boot.StartupInfoLogger [main] Starting TestHomeController on LAPTOP-N48LAB97 with PID 11412 (started by chris in D:\Dating-site)
2021-01-12 20:31:00,092 INFO org.springframework.boot.SpringApplication [main] No active profile set, falling back to default profiles: default
2021-01-12 20:31:00,450 INFO org.springframework.data.repository.config.RepositoryConfigurationDelegate [main] Bootstrapping Spring Data JPA repositories in DEFERRED mode.
2021-01-12 20:31:00,493 INFO org.springframework.data.repository.config.RepositoryConfigurationDelegate [main] Finished Spring Data repository scanning in 41ms. Found 0 JPA repository interfaces.
2021-01-12 20:31:00,727 INFO org.hibernate.dialect.Dialect [main] HHH000400: Using dialect: org.hibernate.dialect.MySQL5Dialect
2021-01-12 20:31:00,818 INFO org.hibernate.tuple.PojoInstantiator [main] HHH000182: No default (no-argument) constructor for class: com.chrisenochdatingsite.Dating.site.entity.OpenQuestionImpl (class must be instantiated by Interceptor)
2021-01-12 20:31:00,870 INFO org.hibernate.engine.transaction.jta.platform.internal.JtaPlatformInitiator [main] HHH000490: Using JtaPlatform implementation: [org.hibernate.engine.transaction.jta.platform.internal.NoJtaPlatform]
2021-01-12 20:31:01,134 WARN org.springframework.boot.autoconfigure.orm.jpa.JpaBaseConfiguration$JpaWebConfiguration [main] spring.jpa.open-in-view is enabled by default. Therefore, database queries may be performed during view rendering. Explicitly configure spring.jpa.open-in-view to disable this warning
2021-01-12 20:31:01,280 INFO org.springframework.scheduling.concurrent.ExecutorConfigurationSupport [main] Initializing ExecutorService 'applicationTaskExecutor'
2021-01-12 20:31:01,302 INFO org.springframework.boot.autoconfigure.h2.H2ConsoleAutoConfiguration [main] H2 console available at '/h2-console'. Database available at 'jdbc:h2:mem:test'
2021-01-12 20:31:01,811 INFO org.springframework.mock.web.MockServletContext [main] Initializing Spring TestDispatcherServlet ''
2021-01-12 20:31:01,813 INFO org.springframework.web.servlet.FrameworkServlet [main] Initializing Servlet ''
2021-01-12 20:31:01,842 INFO org.springframework.web.servlet.FrameworkServlet [main] Completed initialization in 28 ms
2021-01-12 20:31:01,851 INFO org.springframework.data.repository.config.DeferredRepositoryInitializationListener [main] Triggering deferred initialization of Spring Data repositories…
2021-01-12 20:31:01,852 INFO org.springframework.data.repository.config.DeferredRepositoryInitializationListener [main] Spring Data repositories initialized!
2021-01-12 20:31:01,857 INFO org.springframework.boot.StartupInfoLogger [main] Started TestHomeController in 1.86 seconds (JVM running for 17.402)
2021-01-12 20:31:01,912 INFO org.springframework.scheduling.concurrent.ExecutorConfigurationSupport [SpringContextShutdownHook] Shutting down ExecutorService 'applicationTaskExecutor'
2021-01-12 20:31:01,919 INFO org.springframework.scheduling.concurrent.ExecutorConfigurationSupport [SpringContextShutdownHook] Shutting down ExecutorService 'applicationTaskExecutor'
2021-01-12 21:20:15,280 INFO org.springframework.boot.StartupInfoLogger [main] Starting DatingSiteApplicationTests on LAPTOP-N48LAB97 with PID 15136 (started by chris in D:\Dating-site)
2021-01-12 21:20:15,295 INFO org.springframework.boot.SpringApplication [main] No active profile set, falling back to default profiles: default
2021-01-12 21:20:16,973 INFO org.springframework.data.repository.config.RepositoryConfigurationDelegate [main] Bootstrapping Spring Data JPA repositories in DEFERRED mode.
2021-01-12 21:20:17,037 INFO org.springframework.data.repository.config.RepositoryConfigurationDelegate [main] Finished Spring Data repository scanning in 34ms. Found 0 JPA repository interfaces.
2021-01-12 21:20:18,715 INFO org.hibernate.Version [main] HHH000412: Hibernate ORM core version 5.4.22.Final
2021-01-12 21:20:19,277 INFO org.hibernate.annotations.common.reflection.java.JavaReflectionManager [main] HCANN000001: Hibernate Commons Annotations {5.1.0.Final}
2021-01-12 21:20:20,862 INFO org.hibernate.dialect.Dialect [main] HHH000400: Using dialect: org.hibernate.dialect.MySQL5Dialect
2021-01-12 21:20:21,956 INFO org.hibernate.tuple.PojoInstantiator [main] HHH000182: No default (no-argument) constructor for class: com.chrisenochdatingsite.Dating.site.entity.OpenQuestionImpl (class must be instantiated by Interceptor)
2021-01-12 21:20:22,255 INFO org.hibernate.engine.transaction.jta.platform.internal.JtaPlatformInitiator [main] HHH000490: Using JtaPlatform implementation: [org.hibernate.engine.transaction.jta.platform.internal.NoJtaPlatform]
2021-01-12 21:20:23,060 WARN org.springframework.boot.autoconfigure.orm.jpa.JpaBaseConfiguration$JpaWebConfiguration [main] spring.jpa.open-in-view is enabled by default. Therefore, database queries may be performed during view rendering. Explicitly configure spring.jpa.open-in-view to disable this warning
2021-01-12 21:20:23,520 INFO org.springframework.scheduling.concurrent.ExecutorConfigurationSupport [main] Initializing ExecutorService 'applicationTaskExecutor'
2021-01-12 21:20:23,601 INFO org.springframework.boot.autoconfigure.h2.H2ConsoleAutoConfiguration [main] H2 console available at '/h2-console'. Database available at 'jdbc:h2:mem:test'
2021-01-12 21:20:24,165 INFO org.springframework.data.repository.config.DeferredRepositoryInitializationListener [main] Triggering deferred initialization of Spring Data repositories…
2021-01-12 21:20:24,166 INFO org.springframework.data.repository.config.DeferredRepositoryInitializationListener [main] Spring Data repositories initialized!
2021-01-12 21:20:24,193 INFO org.springframework.boot.StartupInfoLogger [main] Started DatingSiteApplicationTests in 10.023 seconds (JVM running for 13.052)
2021-01-12 21:20:24,849 INFO org.springframework.test.context.support.AbstractTestContextBootstrapper [main] Neither @ContextConfiguration nor @ContextHierarchy found for test class [com.chrisenochdatingsite.Dating.site.TestH2], using SpringBootContextLoader
2021-01-12 21:20:24,851 INFO org.springframework.test.context.support.AbstractContextLoader [main] Could not detect default resource locations for test class [com.chrisenochdatingsite.Dating.site.TestH2]: no resource found for suffixes {-context.xml, Context.groovy}.
2021-01-12 21:20:24,851 INFO org.springframework.test.context.support.AnnotationConfigContextLoaderUtils [main] Could not detect default configuration classes for test class [com.chrisenochdatingsite.Dating.site.TestH2]: TestH2 does not declare any static, non-private, non-final, nested classes annotated with @Configuration.
2021-01-12 21:20:24,854 INFO org.springframework.boot.test.context.SpringBootTestContextBootstrapper [main] Found @SpringBootConfiguration com.chrisenochdatingsite.Dating.site.DatingSiteApplication for test class com.chrisenochdatingsite.Dating.site.TestH2
2021-01-12 21:20:24,857 INFO org.springframework.test.context.support.AbstractTestContextBootstrapper [main] Loaded default TestExecutionListener class names from location [META-INF/spring.factories]: [org.springframework.boot.test.mock.mockito.MockitoTestExecutionListener, org.springframework.boot.test.mock.mockito.ResetMocksTestExecutionListener, org.springframework.boot.test.autoconfigure.restdocs.RestDocsTestExecutionListener, org.springframework.boot.test.autoconfigure.web.client.MockRestServiceServerResetTestExecutionListener, org.springframework.boot.test.autoconfigure.web.servlet.MockMvcPrintOnlyOnFailureTestExecutionListener, org.springframework.boot.test.autoconfigure.web.servlet.WebDriverTestExecutionListener, org.springframework.boot.test.autoconfigure.webservices.client.MockWebServiceServerTestExecutionListener, org.springframework.test.context.web.ServletTestExecutionListener, org.springframework.test.context.support.DirtiesContextBeforeModesTestExecutionListener, org.springframework.test.context.support.DependencyInjectionTestExecutionListener, org.springframework.test.context.support.DirtiesContextTestExecutionListener, org.springframework.test.context.transaction.TransactionalTestExecutionListener, org.springframework.test.context.jdbc.SqlScriptsTestExecutionListener, org.springframework.test.context.event.EventPublishingTestExecutionListener]
2021-01-12 21:20:24,857 INFO org.springframework.test.context.support.AbstractTestContextBootstrapper [main] Using TestExecutionListeners: [org.springframework.test.context.web.ServletTestExecutionListener@166a5659, org.springframework.test.context.support.DirtiesContextBeforeModesTestExecutionListener@1afabf06, org.springframework.boot.test.mock.mockito.MockitoTestExecutionListener@33060020, org.springframework.boot.test.autoconfigure.SpringBootDependencyInjectionTestExecutionListener@443b6765, org.springframework.test.context.support.DirtiesContextTestExecutionListener@a72925, org.springframework.test.context.transaction.TransactionalTestExecutionListener@4feaa4b8, org.springframework.test.context.jdbc.SqlScriptsTestExecutionListener@4c6eaa65, org.springframework.test.context.event.EventPublishingTestExecutionListener@53f1fcc2, org.springframework.boot.test.mock.mockito.ResetMocksTestExecutionListener@6a261998, org.springframework.boot.test.autoconfigure.restdocs.RestDocsTestExecutionListener@70f3bf00, org.springframework.boot.test.autoconfigure.web.client.MockRestServiceServerResetTestExecutionListener@49770ef9, org.springframework.boot.test.autoconfigure.web.servlet.MockMvcPrintOnlyOnFailureTestExecutionListener@15bcecf9, org.springframework.boot.test.autoconfigure.web.servlet.WebDriverTestExecutionListener@4f0cdd0f, org.springframework.boot.test.autoconfigure.webservices.client.MockWebServiceServerTestExecutionListener@22ea6051]
2021-01-12 21:20:25,425 DEBUG org.jboss.logging.DelegatingBasicLogger [main] Executing batch size: 1
2021-01-12 21:20:25,446 DEBUG org.jboss.logging.DelegatingBasicLogger [main] Executing batch size: 1
2021-01-12 21:20:25,464 DEBUG org.jboss.logging.DelegatingBasicLogger [main] Executing batch size: 1
2021-01-12 21:20:25,481 DEBUG org.jboss.logging.DelegatingBasicLogger [main] Executing batch size: 1
2021-01-12 21:20:25,520 DEBUG org.jboss.logging.DelegatingBasicLogger [main] Executing batch size: 1
2021-01-12 21:20:25,525 DEBUG org.jboss.logging.DelegatingBasicLogger [main] Executing batch size: 1
2021-01-12 21:20:25,530 DEBUG org.jboss.logging.DelegatingBasicLogger [main] Executing batch size: 1
2021-01-12 21:20:25,538 DEBUG org.jboss.logging.DelegatingBasicLogger [main] Executing batch size: 1
2021-01-12 21:20:25,544 DEBUG org.jboss.logging.DelegatingBasicLogger [main] Executing batch size: 1
2021-01-12 21:20:25,598 DEBUG org.jboss.logging.DelegatingBasicLogger [main] Executing batch size: 1
2021-01-12 21:20:25,602 DEBUG org.jboss.logging.DelegatingBasicLogger [main] Executing batch size: 3
2021-01-12 21:20:25,639 DEBUG org.jboss.logging.DelegatingBasicLogger [main] Executing batch size: 5
2021-01-12 21:20:25,642 DEBUG org.jboss.logging.DelegatingBasicLogger [main] Executing batch size: 3
2021-01-12 21:20:25,672 DEBUG org.jboss.logging.DelegatingBasicLogger [main] Executing batch size: 1
2021-01-12 21:20:25,674 INFO org.hibernate.engine.jdbc.batch.internal.AbstractBatchImpl [main] HHH000010: On release of batch it still contained JDBC statements
2021-01-12 21:20:25,675 ERROR org.hibernate.engine.jdbc.batch.internal.BatchingBatch [main] HHH000315: Exception executing batch [org.h2.jdbc.JdbcBatchUpdateException: Violación de Check constraint: "ANSWER_CONTENT_CHECK: (CASE WHEN (ANSWER_TYPE = 'answer_weighted') THEN CASE WHEN (ANSWERWEIGHT IS NOT NULL) THEN 1 ELSE 0 END ELSE 1 END = 1)"
Check constraint violation: "ANSWER_CONTENT_CHECK: (CASE WHEN (ANSWER_TYPE = 'answer_weighted') THEN CASE WHEN (ANSWERWEIGHT IS NOT NULL) THEN 1 ELSE 0 END ELSE 1 END = 1)"; SQL statement:
insert into Answer (answerText, question_id, answerWeight, answer_type, id) values (?, ?, ?, 'answer_weighted', ?) [23513-200]], SQL: insert into Answer (answerText, question_id, answerWeight, answer_type, id) values (?, ?, ?, 'answer_weighted', ?)
2021-01-12 21:20:25,677 WARN org.hibernate.engine.jdbc.spi.SqlExceptionHelper [main] SQL Error: 23513, SQLState: 23513
2021-01-12 21:20:25,677 ERROR org.hibernate.engine.jdbc.spi.SqlExceptionHelper [main] Violación de Check constraint: "ANSWER_CONTENT_CHECK: (CASE WHEN (ANSWER_TYPE = 'answer_weighted') THEN CASE WHEN (ANSWERWEIGHT IS NOT NULL) THEN 1 ELSE 0 END ELSE 1 END = 1)"
Check constraint violation: "ANSWER_CONTENT_CHECK: (CASE WHEN (ANSWER_TYPE = 'answer_weighted') THEN CASE WHEN (ANSWERWEIGHT IS NOT NULL) THEN 1 ELSE 0 END ELSE 1 END = 1)"; SQL statement:
insert into Answer (answerText, question_id, answerWeight, answer_type, id) values (?, ?, ?, 'answer_weighted', ?) [23513-200]
2021-01-12 21:20:25,802 INFO org.springframework.test.context.support.AbstractTestContextBootstrapper [main] Neither @ContextConfiguration nor @ContextHierarchy found for test class [com.chrisenochdatingsite.Dating.site.TestHomeController], using SpringBootContextLoader
2021-01-12 21:20:25,805 INFO org.springframework.test.context.support.AbstractContextLoader [main] Could not detect default resource locations for test class [com.chrisenochdatingsite.Dating.site.TestHomeController]: no resource found for suffixes {-context.xml, Context.groovy}.
2021-01-12 21:20:25,805 INFO org.springframework.test.context.support.AnnotationConfigContextLoaderUtils [main] Could not detect default configuration classes for test class [com.chrisenochdatingsite.Dating.site.TestHomeController]: TestHomeController does not declare any static, non-private, non-final, nested classes annotated with @Configuration.
2021-01-12 21:20:25,812 INFO org.springframework.boot.test.context.SpringBootTestContextBootstrapper [main] Found @SpringBootConfiguration com.chrisenochdatingsite.Dating.site.DatingSiteApplication for test class com.chrisenochdatingsite.Dating.site.TestHomeController
2021-01-12 21:20:25,815 INFO org.springframework.test.context.support.AbstractTestContextBootstrapper [main] Loaded default TestExecutionListener class names from location [META-INF/spring.factories]: [org.springframework.boot.test.mock.mockito.MockitoTestExecutionListener, org.springframework.boot.test.mock.mockito.ResetMocksTestExecutionListener, org.springframework.boot.test.autoconfigure.restdocs.RestDocsTestExecutionListener, org.springframework.boot.test.autoconfigure.web.client.MockRestServiceServerResetTestExecutionListener, org.springframework.boot.test.autoconfigure.web.servlet.MockMvcPrintOnlyOnFailureTestExecutionListener, org.springframework.boot.test.autoconfigure.web.servlet.WebDriverTestExecutionListener, org.springframework.boot.test.autoconfigure.webservices.client.MockWebServiceServerTestExecutionListener, org.springframework.test.context.web.ServletTestExecutionListener, org.springframework.test.context.support.DirtiesContextBeforeModesTestExecutionListener, org.springframework.test.context.support.DependencyInjectionTestExecutionListener, org.springframework.test.context.support.DirtiesContextTestExecutionListener, org.springframework.test.context.transaction.TransactionalTestExecutionListener, org.springframework.test.context.jdbc.SqlScriptsTestExecutionListener, org.springframework.test.context.event.EventPublishingTestExecutionListener]
2021-01-12 21:20:25,815 INFO org.springframework.test.context.support.AbstractTestContextBootstrapper [main] Using TestExecutionListeners: [org.springframework.test.context.web.ServletTestExecutionListener@20ad64c, org.springframework.test.context.support.DirtiesContextBeforeModesTestExecutionListener@39a03ccc, org.springframework.boot.test.mock.mockito.MockitoTestExecutionListener@4db45d, org.springframework.boot.test.autoconfigure.SpringBootDependencyInjectionTestExecutionListener@89178b4, org.springframework.test.context.support.DirtiesContextTestExecutionListener@5c7d675c, org.springframework.test.context.transaction.TransactionalTestExecutionListener@64836643, org.springframework.test.context.jdbc.SqlScriptsTestExecutionListener@981d9d2, org.springframework.test.context.event.EventPublishingTestExecutionListener@ad6448e, org.springframework.boot.test.mock.mockito.ResetMocksTestExecutionListener@3da6950f, org.springframework.boot.test.autoconfigure.restdocs.RestDocsTestExecutionListener@42684d86, org.springframework.boot.test.autoconfigure.web.client.MockRestServiceServerResetTestExecutionListener@45a05350, org.springframework.boot.test.autoconfigure.web.servlet.MockMvcPrintOnlyOnFailureTestExecutionListener@7d6a9d5e, org.springframework.boot.test.autoconfigure.web.servlet.WebDriverTestExecutionListener@74ed7111, org.springframework.boot.test.autoconfigure.webservices.client.MockWebServiceServerTestExecutionListener@74691677]
2021-01-12 21:20:25,859 INFO org.springframework.boot.StartupInfoLogger [main] Starting TestHomeController on LAPTOP-N48LAB97 with PID 15136 (started by chris in D:\Dating-site)
2021-01-12 21:20:25,860 INFO org.springframework.boot.SpringApplication [main] No active profile set, falling back to default profiles: default
2021-01-12 21:20:26,182 INFO org.springframework.data.repository.config.RepositoryConfigurationDelegate [main] Bootstrapping Spring Data JPA repositories in DEFERRED mode.
2021-01-12 21:20:26,197 INFO org.springframework.data.repository.config.RepositoryConfigurationDelegate [main] Finished Spring Data repository scanning in 13ms. Found 0 JPA repository interfaces.
2021-01-12 21:20:26,438 INFO org.hibernate.dialect.Dialect [main] HHH000400: Using dialect: org.hibernate.dialect.MySQL5Dialect
2021-01-12 21:20:26,535 INFO org.hibernate.tuple.PojoInstantiator [main] HHH000182: No default (no-argument) constructor for class: com.chrisenochdatingsite.Dating.site.entity.OpenQuestionImpl (class must be instantiated by Interceptor)
2021-01-12 21:20:26,587 INFO org.hibernate.engine.transaction.jta.platform.internal.JtaPlatformInitiator [main] HHH000490: Using JtaPlatform implementation: [org.hibernate.engine.transaction.jta.platform.internal.NoJtaPlatform]
2021-01-12 21:20:26,805 WARN org.springframework.boot.autoconfigure.orm.jpa.JpaBaseConfiguration$JpaWebConfiguration [main] spring.jpa.open-in-view is enabled by default. Therefore, database queries may be performed during view rendering. Explicitly configure spring.jpa.open-in-view to disable this warning
2021-01-12 21:20:26,957 INFO org.springframework.scheduling.concurrent.ExecutorConfigurationSupport [main] Initializing ExecutorService 'applicationTaskExecutor'
2021-01-12 21:20:26,980 INFO org.springframework.boot.autoconfigure.h2.H2ConsoleAutoConfiguration [main] H2 console available at '/h2-console'. Database available at 'jdbc:h2:mem:test'
2021-01-12 21:20:27,334 INFO org.springframework.mock.web.MockServletContext [main] Initializing Spring TestDispatcherServlet ''
2021-01-12 21:20:27,335 INFO org.springframework.web.servlet.FrameworkServlet [main] Initializing Servlet ''
2021-01-12 21:20:27,351 INFO org.springframework.web.servlet.FrameworkServlet [main] Completed initialization in 15 ms
2021-01-12 21:20:27,359 INFO org.springframework.data.repository.config.DeferredRepositoryInitializationListener [main] Triggering deferred initialization of Spring Data repositories…
2021-01-12 21:20:27,364 INFO org.springframework.data.repository.config.DeferredRepositoryInitializationListener [main] Spring Data repositories initialized!
2021-01-12 21:20:27,373 INFO org.springframework.boot.StartupInfoLogger [main] Started TestHomeController in 1.554 seconds (JVM running for 16.232)
2021-01-12 21:20:27,428 INFO org.springframework.scheduling.concurrent.ExecutorConfigurationSupport [SpringContextShutdownHook] Shutting down ExecutorService 'applicationTaskExecutor'
2021-01-12 21:20:27,429 INFO org.springframework.scheduling.concurrent.ExecutorConfigurationSupport [SpringContextShutdownHook] Shutting down ExecutorService 'applicationTaskExecutor'
2021-01-12 21:28:34,217 INFO org.springframework.boot.StartupInfoLogger [main] Starting TestH2 on LAPTOP-N48LAB97 with PID 6440 (started by chris in D:\Dating-site)
2021-01-12 21:28:34,219 INFO org.springframework.boot.SpringApplication [main] No active profile set, falling back to default profiles: default
2021-01-12 21:28:35,219 INFO org.springframework.data.repository.config.RepositoryConfigurationDelegate [main] Bootstrapping Spring Data JPA repositories in DEFERRED mode.
2021-01-12 21:28:35,259 INFO org.springframework.data.repository.config.RepositoryConfigurationDelegate [main] Finished Spring Data repository scanning in 30ms. Found 0 JPA repository interfaces.
2021-01-12 21:28:36,295 INFO org.hibernate.Version [main] HHH000412: Hibernate ORM core version 5.4.22.Final
2021-01-12 21:28:36,524 INFO org.hibernate.annotations.common.reflection.java.JavaReflectionManager [main] HCANN000001: Hibernate Commons Annotations {5.1.0.Final}
2021-01-12 21:28:36,774 INFO org.hibernate.dialect.Dialect [main] HHH000400: Using dialect: org.hibernate.dialect.MySQL5Dialect
2021-01-12 21:28:37,726 INFO org.hibernate.tuple.PojoInstantiator [main] HHH000182: No default (no-argument) constructor for class: com.chrisenochdatingsite.Dating.site.entity.OpenQuestionImpl (class must be instantiated by Interceptor)
2021-01-12 21:28:37,941 INFO org.hibernate.engine.transaction.jta.platform.internal.JtaPlatformInitiator [main] HHH000490: Using JtaPlatform implementation: [org.hibernate.engine.transaction.jta.platform.internal.NoJtaPlatform]
2021-01-12 21:28:38,469 WARN org.springframework.boot.autoconfigure.orm.jpa.JpaBaseConfiguration$JpaWebConfiguration [main] spring.jpa.open-in-view is enabled by default. Therefore, database queries may be performed during view rendering. Explicitly configure spring.jpa.open-in-view to disable this warning
2021-01-12 21:28:38,822 INFO org.springframework.scheduling.concurrent.ExecutorConfigurationSupport [main] Initializing ExecutorService 'applicationTaskExecutor'
2021-01-12 21:28:38,902 INFO org.springframework.boot.autoconfigure.h2.H2ConsoleAutoConfiguration [main] H2 console available at '/h2-console'. Database available at 'jdbc:h2:mem:test'
2021-01-12 21:28:39,372 INFO org.springframework.data.repository.config.DeferredRepositoryInitializationListener [main] Triggering deferred initialization of Spring Data repositories…
2021-01-12 21:28:39,374 INFO org.springframework.data.repository.config.DeferredRepositoryInitializationListener [main] Spring Data repositories initialized!
2021-01-12 21:28:39,386 INFO org.springframework.boot.StartupInfoLogger [main] Started TestH2 in 5.666 seconds (JVM running for 7.158)
2021-01-12 21:28:40,270 DEBUG org.jboss.logging.DelegatingBasicLogger [main] Executing batch size: 1
2021-01-12 21:28:40,291 DEBUG org.jboss.logging.DelegatingBasicLogger [main] Executing batch size: 1
2021-01-12 21:28:40,309 DEBUG org.jboss.logging.DelegatingBasicLogger [main] Executing batch size: 1
2021-01-12 21:28:40,327 DEBUG org.jboss.logging.DelegatingBasicLogger [main] Executing batch size: 1
2021-01-12 21:28:40,343 DEBUG org.jboss.logging.DelegatingBasicLogger [main] Executing batch size: 1
2021-01-12 21:28:40,348 DEBUG org.jboss.logging.DelegatingBasicLogger [main] Executing batch size: 1
2021-01-12 21:28:40,353 DEBUG org.jboss.logging.DelegatingBasicLogger [main] Executing batch size: 1
2021-01-12 21:28:40,370 DEBUG org.jboss.logging.DelegatingBasicLogger [main] Executing batch size: 1
2021-01-12 21:28:40,402 DEBUG org.jboss.logging.DelegatingBasicLogger [main] Executing batch size: 1
2021-01-12 21:28:40,463 DEBUG org.jboss.logging.DelegatingBasicLogger [main] Executing batch size: 1
2021-01-12 21:28:40,468 DEBUG org.jboss.logging.DelegatingBasicLogger [main] Executing batch size: 3
2021-01-12 21:28:40,519 DEBUG org.jboss.logging.DelegatingBasicLogger [main] Executing batch size: 5
2021-01-12 21:28:40,523 DEBUG org.jboss.logging.DelegatingBasicLogger [main] Executing batch size: 3
2021-01-12 21:28:40,612 DEBUG org.jboss.logging.DelegatingBasicLogger [main] Executing batch size: 1
2021-01-12 21:28:40,614 INFO org.hibernate.engine.jdbc.batch.internal.AbstractBatchImpl [main] HHH000010: On release of batch it still contained JDBC statements
2021-01-12 21:28:40,615 ERROR org.hibernate.engine.jdbc.batch.internal.BatchingBatch [main] HHH000315: Exception executing batch [org.h2.jdbc.JdbcBatchUpdateException: Violación de Check constraint: "ANSWER_CONTENT_CHECK: (CASE WHEN (ANSWER_TYPE = 'answer_weighted') THEN CASE WHEN (ANSWERWEIGHT IS NOT NULL) THEN 1 ELSE 0 END ELSE 1 END = 1)"
Check constraint violation: "ANSWER_CONTENT_CHECK: (CASE WHEN (ANSWER_TYPE = 'answer_weighted') THEN CASE WHEN (ANSWERWEIGHT IS NOT NULL) THEN 1 ELSE 0 END ELSE 1 END = 1)"; SQL statement:
insert into Answer (answerText, question_id, answerWeight, answer_type, id) values (?, ?, ?, 'answer_weighted', ?) [23513-200]], SQL: insert into Answer (answerText, question_id, answerWeight, answer_type, id) values (?, ?, ?, 'answer_weighted', ?)
2021-01-12 21:28:40,616 WARN org.hibernate.engine.jdbc.spi.SqlExceptionHelper [main] SQL Error: 23513, SQLState: 23513
2021-01-12 21:28:40,616 ERROR org.hibernate.engine.jdbc.spi.SqlExceptionHelper [main] Violación de Check constraint: "ANSWER_CONTENT_CHECK: (CASE WHEN (ANSWER_TYPE = 'answer_weighted') THEN CASE WHEN (ANSWERWEIGHT IS NOT NULL) THEN 1 ELSE 0 END ELSE 1 END = 1)"
Check constraint violation: "ANSWER_CONTENT_CHECK: (CASE WHEN (ANSWER_TYPE = 'answer_weighted') THEN CASE WHEN (ANSWERWEIGHT IS NOT NULL) THEN 1 ELSE 0 END ELSE 1 END = 1)"; SQL statement:
insert into Answer (answerText, question_id, answerWeight, answer_type, id) values (?, ?, ?, 'answer_weighted', ?) [23513-200]
2021-01-12 21:28:40,641 INFO org.springframework.scheduling.concurrent.ExecutorConfigurationSupport [SpringContextShutdownHook] Shutting down ExecutorService 'applicationTaskExecutor'
2021-01-12 21:52:58,512 INFO org.springframework.boot.StartupInfoLogger [main] Starting TestH2 on LAPTOP-N48LAB97 with PID 20628 (started by chris in D:\Dating-site)
2021-01-12 21:52:58,516 INFO org.springframework.boot.SpringApplication [main] No active profile set, falling back to default profiles: default
2021-01-12 21:52:59,518 INFO org.springframework.data.repository.config.RepositoryConfigurationDelegate [main] Bootstrapping Spring Data JPA repositories in DEFERRED mode.
2021-01-12 21:52:59,562 INFO org.springframework.data.repository.config.RepositoryConfigurationDelegate [main] Finished Spring Data repository scanning in 33ms. Found 0 JPA repository interfaces.
2021-01-12 21:53:00,663 INFO org.hibernate.Version [main] HHH000412: Hibernate ORM core version 5.4.22.Final
2021-01-12 21:53:00,904 INFO org.hibernate.annotations.common.reflection.java.JavaReflectionManager [main] HCANN000001: Hibernate Commons Annotations {5.1.0.Final}
2021-01-12 21:53:01,165 INFO org.hibernate.dialect.Dialect [main] HHH000400: Using dialect: org.hibernate.dialect.MySQL5Dialect
2021-01-12 21:53:02,076 INFO org.hibernate.tuple.PojoInstantiator [main] HHH000182: No default (no-argument) constructor for class: com.chrisenochdatingsite.Dating.site.entity.OpenQuestionImpl (class must be instantiated by Interceptor)
2021-01-12 21:53:02,287 INFO org.hibernate.engine.transaction.jta.platform.internal.JtaPlatformInitiator [main] HHH000490: Using JtaPlatform implementation: [org.hibernate.engine.transaction.jta.platform.internal.NoJtaPlatform]
2021-01-12 21:53:02,825 WARN org.springframework.boot.autoconfigure.orm.jpa.JpaBaseConfiguration$JpaWebConfiguration [main] spring.jpa.open-in-view is enabled by default. Therefore, database queries may be performed during view rendering. Explicitly configure spring.jpa.open-in-view to disable this warning
2021-01-12 21:53:03,170 INFO org.springframework.scheduling.concurrent.ExecutorConfigurationSupport [main] Initializing ExecutorService 'applicationTaskExecutor'
2021-01-12 21:53:03,250 INFO org.springframework.boot.autoconfigure.h2.H2ConsoleAutoConfiguration [main] H2 console available at '/h2-console'. Database available at 'jdbc:h2:mem:test'
2021-01-12 21:53:03,755 INFO org.springframework.data.repository.config.DeferredRepositoryInitializationListener [main] Triggering deferred initialization of Spring Data repositories…
2021-01-12 21:53:03,756 INFO org.springframework.data.repository.config.DeferredRepositoryInitializationListener [main] Spring Data repositories initialized!
2021-01-12 21:53:03,770 INFO org.springframework.boot.StartupInfoLogger [main] Started TestH2 in 5.747 seconds (JVM running for 7.208)
2021-01-12 21:53:04,796 DEBUG org.jboss.logging.DelegatingBasicLogger [main] Executing batch size: 1
2021-01-12 21:53:04,816 DEBUG org.jboss.logging.DelegatingBasicLogger [main] Executing batch size: 1
2021-01-12 21:53:04,837 DEBUG org.jboss.logging.DelegatingBasicLogger [main] Executing batch size: 1
2021-01-12 21:53:04,855 DEBUG org.jboss.logging.DelegatingBasicLogger [main] Executing batch size: 1
2021-01-12 21:53:04,872 DEBUG org.jboss.logging.DelegatingBasicLogger [main] Executing batch size: 1
2021-01-12 21:53:04,877 DEBUG org.jboss.logging.DelegatingBasicLogger [main] Executing batch size: 1
2021-01-12 21:53:04,882 DEBUG org.jboss.logging.DelegatingBasicLogger [main] Executing batch size: 1
2021-01-12 21:53:04,888 DEBUG org.jboss.logging.DelegatingBasicLogger [main] Executing batch size: 1
2021-01-12 21:53:04,894 DEBUG org.jboss.logging.DelegatingBasicLogger [main] Executing batch size: 1
2021-01-12 21:53:04,953 DEBUG org.jboss.logging.DelegatingBasicLogger [main] Executing batch size: 1
2021-01-12 21:53:04,964 DEBUG org.jboss.logging.DelegatingBasicLogger [main] Executing batch size: 3
2021-01-12 21:53:05,025 DEBUG org.jboss.logging.DelegatingBasicLogger [main] Executing batch size: 5
2021-01-12 21:53:05,027 DEBUG org.jboss.logging.DelegatingBasicLogger [main] Executing batch size: 3
2021-01-12 21:53:05,109 DEBUG org.jboss.logging.DelegatingBasicLogger [main] Executing batch size: 1
2021-01-12 21:53:05,111 INFO org.hibernate.engine.jdbc.batch.internal.AbstractBatchImpl [main] HHH000010: On release of batch it still contained JDBC statements
2021-01-12 21:53:05,112 ERROR org.hibernate.engine.jdbc.batch.internal.BatchingBatch [main] HHH000315: Exception executing batch [org.h2.jdbc.JdbcBatchUpdateException: Violación de Check constraint: "ANSWER_CONTENT_CHECK: (CASE WHEN (ANSWER_TYPE = 'answer_weighted') THEN CASE WHEN (ANSWERWEIGHT IS NOT NULL) THEN 1 ELSE 0 END ELSE 1 END = 1)"
Check constraint violation: "ANSWER_CONTENT_CHECK: (CASE WHEN (ANSWER_TYPE = 'answer_weighted') THEN CASE WHEN (ANSWERWEIGHT IS NOT NULL) THEN 1 ELSE 0 END ELSE 1 END = 1)"; SQL statement:
insert into Answer (answerText, question_id, answerWeight, answer_type, id) values (?, ?, ?, 'answer_weighted', ?) [23513-200]], SQL: insert into Answer (answerText, question_id, answerWeight, answer_type, id) values (?, ?, ?, 'answer_weighted', ?)
2021-01-12 21:53:05,114 WARN org.hibernate.engine.jdbc.spi.SqlExceptionHelper [main] SQL Error: 23513, SQLState: 23513
2021-01-12 21:53:05,114 ERROR org.hibernate.engine.jdbc.spi.SqlExceptionHelper [main] Violación de Check constraint: "ANSWER_CONTENT_CHECK: (CASE WHEN (ANSWER_TYPE = 'answer_weighted') THEN CASE WHEN (ANSWERWEIGHT IS NOT NULL) THEN 1 ELSE 0 END ELSE 1 END = 1)"
Check constraint violation: "ANSWER_CONTENT_CHECK: (CASE WHEN (ANSWER_TYPE = 'answer_weighted') THEN CASE WHEN (ANSWERWEIGHT IS NOT NULL) THEN 1 ELSE 0 END ELSE 1 END = 1)"; SQL statement:
insert into Answer (answerText, question_id, answerWeight, answer_type, id) values (?, ?, ?, 'answer_weighted', ?) [23513-200]
2021-01-12 21:53:05,146 INFO org.springframework.scheduling.concurrent.ExecutorConfigurationSupport [SpringContextShutdownHook] Shutting down ExecutorService 'applicationTaskExecutor'
2021-01-12 21:56:16,770 INFO org.springframework.boot.StartupInfoLogger [main] Starting TestH2 on LAPTOP-N48LAB97 with PID 2680 (started by chris in D:\Dating-site)
2021-01-12 21:56:16,776 INFO org.springframework.boot.SpringApplication [main] No active profile set, falling back to default profiles: default
2021-01-12 21:56:17,782 INFO org.springframework.data.repository.config.RepositoryConfigurationDelegate [main] Bootstrapping Spring Data JPA repositories in DEFERRED mode.
2021-01-12 21:56:17,833 INFO org.springframework.data.repository.config.RepositoryConfigurationDelegate [main] Finished Spring Data repository scanning in 38ms. Found 0 JPA repository interfaces.
2021-01-12 21:56:18,838 INFO org.hibernate.Version [main] HHH000412: Hibernate ORM core version 5.4.22.Final
2021-01-12 21:56:19,066 INFO org.hibernate.annotations.common.reflection.java.JavaReflectionManager [main] HCANN000001: Hibernate Commons Annotations {5.1.0.Final}
2021-01-12 21:56:19,316 INFO org.hibernate.dialect.Dialect [main] HHH000400: Using dialect: org.hibernate.dialect.MySQL5Dialect
2021-01-12 21:56:20,177 INFO org.hibernate.tuple.PojoInstantiator [main] HHH000182: No default (no-argument) constructor for class: com.chrisenochdatingsite.Dating.site.entity.OpenQuestionImpl (class must be instantiated by Interceptor)
2021-01-12 21:56:20,359 INFO org.hibernate.engine.transaction.jta.platform.internal.JtaPlatformInitiator [main] HHH000490: Using JtaPlatform implementation: [org.hibernate.engine.transaction.jta.platform.internal.NoJtaPlatform]
2021-01-12 21:56:20,885 WARN org.springframework.boot.autoconfigure.orm.jpa.JpaBaseConfiguration$JpaWebConfiguration [main] spring.jpa.open-in-view is enabled by default. Therefore, database queries may be performed during view rendering. Explicitly configure spring.jpa.open-in-view to disable this warning
2021-01-12 21:56:21,241 INFO org.springframework.scheduling.concurrent.ExecutorConfigurationSupport [main] Initializing ExecutorService 'applicationTaskExecutor'
2021-01-12 21:56:21,322 INFO org.springframework.boot.autoconfigure.h2.H2ConsoleAutoConfiguration [main] H2 console available at '/h2-console'. Database available at 'jdbc:h2:mem:test'
2021-01-12 21:56:21,788 INFO org.springframework.data.repository.config.DeferredRepositoryInitializationListener [main] Triggering deferred initialization of Spring Data repositories…
2021-01-12 21:56:21,790 INFO org.springframework.data.repository.config.DeferredRepositoryInitializationListener [main] Spring Data repositories initialized!
2021-01-12 21:56:21,803 INFO org.springframework.boot.StartupInfoLogger [main] Started TestH2 in 5.517 seconds (JVM running for 7.097)
2021-01-12 21:56:22,652 DEBUG org.jboss.logging.DelegatingBasicLogger [main] Executing batch size: 1
2021-01-12 21:56:22,673 DEBUG org.jboss.logging.DelegatingBasicLogger [main] Executing batch size: 1
2021-01-12 21:56:22,692 DEBUG org.jboss.logging.DelegatingBasicLogger [main] Executing batch size: 1
2021-01-12 21:56:22,717 DEBUG org.jboss.logging.DelegatingBasicLogger [main] Executing batch size: 1
2021-01-12 21:56:22,738 DEBUG org.jboss.logging.DelegatingBasicLogger [main] Executing batch size: 1
2021-01-12 21:56:22,747 DEBUG org.jboss.logging.DelegatingBasicLogger [main] Executing batch size: 1
2021-01-12 21:56:22,753 DEBUG org.jboss.logging.DelegatingBasicLogger [main] Executing batch size: 1
2021-01-12 21:56:22,760 DEBUG org.jboss.logging.DelegatingBasicLogger [main] Executing batch size: 1
2021-01-12 21:56:22,767 DEBUG org.jboss.logging.DelegatingBasicLogger [main] Executing batch size: 1
2021-01-12 21:56:22,884 DEBUG org.jboss.logging.DelegatingBasicLogger [main] Executing batch size: 1
2021-01-12 21:56:22,893 DEBUG org.jboss.logging.DelegatingBasicLogger [main] Executing batch size: 3
2021-01-12 21:56:22,965 DEBUG org.jboss.logging.DelegatingBasicLogger [main] Executing batch size: 5
2021-01-12 21:56:22,967 DEBUG org.jboss.logging.DelegatingBasicLogger [main] Executing batch size: 3
2021-01-12 21:56:23,056 DEBUG org.jboss.logging.DelegatingBasicLogger [main] Executing batch size: 1
2021-01-12 21:56:23,057 INFO org.hibernate.engine.jdbc.batch.internal.AbstractBatchImpl [main] HHH000010: On release of batch it still contained JDBC statements
2021-01-12 21:56:23,059 ERROR org.hibernate.engine.jdbc.batch.internal.BatchingBatch [main] HHH000315: Exception executing batch [org.h2.jdbc.JdbcBatchUpdateException: Violación de Check constraint: "ANSWER_CONTENT_CHECK: (CASE WHEN (ANSWER_TYPE = 'answer_weighted') THEN CASE WHEN (ANSWERWEIGHT IS NOT NULL) THEN 1 ELSE 0 END ELSE 1 END = 1)"
Check constraint violation: "ANSWER_CONTENT_CHECK: (CASE WHEN (ANSWER_TYPE = 'answer_weighted') THEN CASE WHEN (ANSWERWEIGHT IS NOT NULL) THEN 1 ELSE 0 END ELSE 1 END = 1)"; SQL statement:
insert into Answer (answerText, question_id, answerWeight, answer_type, id) values (?, ?, ?, 'answer_weighted', ?) [23513-200]], SQL: insert into Answer (answerText, question_id, answerWeight, answer_type, id) values (?, ?, ?, 'answer_weighted', ?)
2021-01-12 21:56:23,060 WARN org.hibernate.engine.jdbc.spi.SqlExceptionHelper [main] SQL Error: 23513, SQLState: 23513
2021-01-12 21:56:23,061 ERROR org.hibernate.engine.jdbc.spi.SqlExceptionHelper [main] Violación de Check constraint: "ANSWER_CONTENT_CHECK: (CASE WHEN (ANSWER_TYPE = 'answer_weighted') THEN CASE WHEN (ANSWERWEIGHT IS NOT NULL) THEN 1 ELSE 0 END ELSE 1 END = 1)"
Check constraint violation: "ANSWER_CONTENT_CHECK: (CASE WHEN (ANSWER_TYPE = 'answer_weighted') THEN CASE WHEN (ANSWERWEIGHT IS NOT NULL) THEN 1 ELSE 0 END ELSE 1 END = 1)"; SQL statement:
insert into Answer (answerText, question_id, answerWeight, answer_type, id) values (?, ?, ?, 'answer_weighted', ?) [23513-200]
2021-01-12 21:56:23,086 INFO org.springframework.scheduling.concurrent.ExecutorConfigurationSupport [SpringContextShutdownHook] Shutting down ExecutorService 'applicationTaskExecutor'
2021-01-12 21:56:57,615 INFO org.springframework.boot.StartupInfoLogger [main] Starting TestH2 on LAPTOP-N48LAB97 with PID 7612 (started by chris in D:\Dating-site)
2021-01-12 21:56:57,618 INFO org.springframework.boot.SpringApplication [main] No active profile set, falling back to default profiles: default
2021-01-12 21:56:58,849 INFO org.springframework.data.repository.config.RepositoryConfigurationDelegate [main] Bootstrapping Spring Data JPA repositories in DEFERRED mode.
2021-01-12 21:56:58,920 INFO org.springframework.data.repository.config.RepositoryConfigurationDelegate [main] Finished Spring Data repository scanning in 56ms. Found 0 JPA repository interfaces.
2021-01-12 21:57:00,141 INFO org.hibernate.Version [main] HHH000412: Hibernate ORM core version 5.4.22.Final
2021-01-12 21:57:00,425 INFO org.hibernate.annotations.common.reflection.java.JavaReflectionManager [main] HCANN000001: Hibernate Commons Annotations {5.1.0.Final}
2021-01-12 21:57:00,684 INFO org.hibernate.dialect.Dialect [main] HHH000400: Using dialect: org.hibernate.dialect.MySQL5Dialect
2021-01-12 21:57:01,567 INFO org.hibernate.tuple.PojoInstantiator [main] HHH000182: No default (no-argument) constructor for class: com.chrisenochdatingsite.Dating.site.entity.OpenQuestionImpl (class must be instantiated by Interceptor)
2021-01-12 21:57:01,818 INFO org.hibernate.engine.transaction.jta.platform.internal.JtaPlatformInitiator [main] HHH000490: Using JtaPlatform implementation: [org.hibernate.engine.transaction.jta.platform.internal.NoJtaPlatform]
2021-01-12 21:57:02,366 WARN org.springframework.boot.autoconfigure.orm.jpa.JpaBaseConfiguration$JpaWebConfiguration [main] spring.jpa.open-in-view is enabled by default. Therefore, database queries may be performed during view rendering. Explicitly configure spring.jpa.open-in-view to disable this warning
2021-01-12 21:57:02,712 INFO org.springframework.scheduling.concurrent.ExecutorConfigurationSupport [main] Initializing ExecutorService 'applicationTaskExecutor'
2021-01-12 21:57:02,796 INFO org.springframework.boot.autoconfigure.h2.H2ConsoleAutoConfiguration [main] H2 console available at '/h2-console'. Database available at 'jdbc:h2:mem:test'
2021-01-12 21:57:03,371 INFO org.springframework.data.repository.config.DeferredRepositoryInitializationListener [main] Triggering deferred initialization of Spring Data repositories…
2021-01-12 21:57:03,372 INFO org.springframework.data.repository.config.DeferredRepositoryInitializationListener [main] Spring Data repositories initialized!
2021-01-12 21:57:03,386 INFO org.springframework.boot.StartupInfoLogger [main] Started TestH2 in 6.319 seconds (JVM running for 7.761)
2021-01-12 21:57:04,127 DEBUG org.jboss.logging.DelegatingBasicLogger [main] Executing batch size: 1
2021-01-12 21:57:04,165 DEBUG org.jboss.logging.DelegatingBasicLogger [main] Executing batch size: 1
2021-01-12 21:57:04,190 DEBUG org.jboss.logging.DelegatingBasicLogger [main] Executing batch size: 1
2021-01-12 21:57:04,206 DEBUG org.jboss.logging.DelegatingBasicLogger [main] Executing batch size: 1
2021-01-12 21:57:04,222 DEBUG org.jboss.logging.DelegatingBasicLogger [main] Executing batch size: 1
2021-01-12 21:57:04,227 DEBUG org.jboss.logging.DelegatingBasicLogger [main] Executing batch size: 1
2021-01-12 21:57:04,233 DEBUG org.jboss.logging.DelegatingBasicLogger [main] Executing batch size: 1
2021-01-12 21:57:04,238 DEBUG org.jboss.logging.DelegatingBasicLogger [main] Executing batch size: 1
2021-01-12 21:57:04,248 DEBUG org.jboss.logging.DelegatingBasicLogger [main] Executing batch size: 1
2021-01-12 21:57:04,299 DEBUG org.jboss.logging.DelegatingBasicLogger [main] Executing batch size: 1
2021-01-12 21:57:04,303 DEBUG org.jboss.logging.DelegatingBasicLogger [main] Executing batch size: 3
2021-01-12 21:57:04,362 DEBUG org.jboss.logging.DelegatingBasicLogger [main] Executing batch size: 5
2021-01-12 21:57:04,365 DEBUG org.jboss.logging.DelegatingBasicLogger [main] Executing batch size: 3
2021-01-12 21:57:04,474 DEBUG org.jboss.logging.DelegatingBasicLogger [main] Executing batch size: 1
2021-01-12 21:57:04,477 INFO org.hibernate.engine.jdbc.batch.internal.AbstractBatchImpl [main] HHH000010: On release of batch it still contained JDBC statements
2021-01-12 21:57:04,478 ERROR org.hibernate.engine.jdbc.batch.internal.BatchingBatch [main] HHH000315: Exception executing batch [org.h2.jdbc.JdbcBatchUpdateException: Violación de Check constraint: "ANSWER_CONTENT_CHECK: (CASE WHEN (ANSWER_TYPE = 'answer_weighted') THEN CASE WHEN (ANSWERWEIGHT IS NOT NULL) THEN 1 ELSE 0 END ELSE 1 END = 1)"
Check constraint violation: "ANSWER_CONTENT_CHECK: (CASE WHEN (ANSWER_TYPE = 'answer_weighted') THEN CASE WHEN (ANSWERWEIGHT IS NOT NULL) THEN 1 ELSE 0 END ELSE 1 END = 1)"; SQL statement:
insert into Answer (answerText, question_id, answerWeight, answer_type, id) values (?, ?, ?, 'answer_weighted', ?) [23513-200]], SQL: insert into Answer (answerText, question_id, answerWeight, answer_type, id) values (?, ?, ?, 'answer_weighted', ?)
2021-01-12 21:57:04,480 WARN org.hibernate.engine.jdbc.spi.SqlExceptionHelper [main] SQL Error: 23513, SQLState: 23513
2021-01-12 21:57:04,480 ERROR org.hibernate.engine.jdbc.spi.SqlExceptionHelper [main] Violación de Check constraint: "ANSWER_CONTENT_CHECK: (CASE WHEN (ANSWER_TYPE = 'answer_weighted') THEN CASE WHEN (ANSWERWEIGHT IS NOT NULL) THEN 1 ELSE 0 END ELSE 1 END = 1)"
Check constraint violation: "ANSWER_CONTENT_CHECK: (CASE WHEN (ANSWER_TYPE = 'answer_weighted') THEN CASE WHEN (ANSWERWEIGHT IS NOT NULL) THEN 1 ELSE 0 END ELSE 1 END = 1)"; SQL statement:
insert into Answer (answerText, question_id, answerWeight, answer_type, id) values (?, ?, ?, 'answer_weighted', ?) [23513-200]
2021-01-12 21:57:04,511 INFO org.springframework.scheduling.concurrent.ExecutorConfigurationSupport [SpringContextShutdownHook] Shutting down ExecutorService 'applicationTaskExecutor'
