2021-05-04 22:34:24,354 INFO org.springframework.boot.StartupInfoLogger [main] Starting DatingSiteApplicationTests on LAPTOP-AHLQDB75 with PID 16920 (started by chris in C:\Users\chris\OneDrive\Documentos\IT\_Java\Spring\Dating-site)
2021-05-04 22:34:24,357 INFO org.springframework.boot.SpringApplication [main] No active profile set, falling back to default profiles: default
2021-05-04 22:34:24,858 INFO org.springframework.data.repository.config.RepositoryConfigurationDelegate [main] Bootstrapping Spring Data JPA repositories in DEFERRED mode.
2021-05-04 22:34:24,893 INFO org.springframework.data.repository.config.RepositoryConfigurationDelegate [main] Finished Spring Data repository scanning in 27ms. Found 0 JPA repository interfaces.
2021-05-04 22:34:25,464 INFO org.hibernate.Version [main] HHH000412: Hibernate ORM core version 5.4.22.Final
2021-05-04 22:34:25,618 INFO org.hibernate.annotations.common.reflection.java.JavaReflectionManager [main] HCANN000001: Hibernate Commons Annotations {5.1.0.Final}
2021-05-04 22:34:25,780 INFO org.hibernate.dialect.Dialect [main] HHH000400: Using dialect: org.hibernate.dialect.MySQL5Dialect
2021-05-04 22:34:26,232 INFO org.hibernate.tuple.PojoInstantiator [main] HHH000182: No default (no-argument) constructor for class: com.chrisenochdatingsite.Dating.site.entity.OpenQuestionImpl (class must be instantiated by Interceptor)
2021-05-04 22:34:26,332 INFO org.hibernate.engine.transaction.jta.platform.internal.JtaPlatformInitiator [main] HHH000490: Using JtaPlatform implementation: [org.hibernate.engine.transaction.jta.platform.internal.NoJtaPlatform]
2021-05-04 22:34:26,619 WARN org.springframework.boot.autoconfigure.orm.jpa.JpaBaseConfiguration$JpaWebConfiguration [main] spring.jpa.open-in-view is enabled by default. Therefore, database queries may be performed during view rendering. Explicitly configure spring.jpa.open-in-view to disable this warning
2021-05-04 22:34:26,816 INFO org.springframework.scheduling.concurrent.ExecutorConfigurationSupport [main] Initializing ExecutorService 'applicationTaskExecutor'
2021-05-04 22:34:26,859 INFO org.springframework.boot.autoconfigure.h2.H2ConsoleAutoConfiguration [main] H2 console available at '/h2-console'. Database available at 'jdbc:h2:mem:test'
2021-05-04 22:34:27,136 INFO org.springframework.data.repository.config.DeferredRepositoryInitializationListener [main] Triggering deferred initialization of Spring Data repositories…
2021-05-04 22:34:27,137 INFO org.springframework.data.repository.config.DeferredRepositoryInitializationListener [main] Spring Data repositories initialized!
2021-05-04 22:34:27,144 INFO org.springframework.boot.StartupInfoLogger [main] Started DatingSiteApplicationTests in 3.031 seconds (JVM running for 3.929)
2021-05-04 22:34:27,376 INFO org.springframework.test.context.support.AbstractTestContextBootstrapper [main] Neither @ContextConfiguration nor @ContextHierarchy found for test class [com.chrisenochdatingsite.Dating.site.TestH2], using SpringBootContextLoader
2021-05-04 22:34:27,377 INFO org.springframework.test.context.support.AbstractContextLoader [main] Could not detect default resource locations for test class [com.chrisenochdatingsite.Dating.site.TestH2]: no resource found for suffixes {-context.xml, Context.groovy}.
2021-05-04 22:34:27,377 INFO org.springframework.test.context.support.AnnotationConfigContextLoaderUtils [main] Could not detect default configuration classes for test class [com.chrisenochdatingsite.Dating.site.TestH2]: TestH2 does not declare any static, non-private, non-final, nested classes annotated with @Configuration.
2021-05-04 22:34:27,379 INFO org.springframework.boot.test.context.SpringBootTestContextBootstrapper [main] Found @SpringBootConfiguration com.chrisenochdatingsite.Dating.site.DatingSiteApplication for test class com.chrisenochdatingsite.Dating.site.TestH2
2021-05-04 22:34:27,381 INFO org.springframework.test.context.support.AbstractTestContextBootstrapper [main] Loaded default TestExecutionListener class names from location [META-INF/spring.factories]: [org.springframework.boot.test.mock.mockito.MockitoTestExecutionListener, org.springframework.boot.test.mock.mockito.ResetMocksTestExecutionListener, org.springframework.boot.test.autoconfigure.restdocs.RestDocsTestExecutionListener, org.springframework.boot.test.autoconfigure.web.client.MockRestServiceServerResetTestExecutionListener, org.springframework.boot.test.autoconfigure.web.servlet.MockMvcPrintOnlyOnFailureTestExecutionListener, org.springframework.boot.test.autoconfigure.web.servlet.WebDriverTestExecutionListener, org.springframework.boot.test.autoconfigure.webservices.client.MockWebServiceServerTestExecutionListener, org.springframework.test.context.web.ServletTestExecutionListener, org.springframework.test.context.support.DirtiesContextBeforeModesTestExecutionListener, org.springframework.test.context.support.DependencyInjectionTestExecutionListener, org.springframework.test.context.support.DirtiesContextTestExecutionListener, org.springframework.test.context.transaction.TransactionalTestExecutionListener, org.springframework.test.context.jdbc.SqlScriptsTestExecutionListener, org.springframework.test.context.event.EventPublishingTestExecutionListener]
2021-05-04 22:34:27,382 INFO org.springframework.test.context.support.AbstractTestContextBootstrapper [main] Using TestExecutionListeners: [org.springframework.test.context.web.ServletTestExecutionListener@32068aef, org.springframework.test.context.support.DirtiesContextBeforeModesTestExecutionListener@8ab231, org.springframework.boot.test.mock.mockito.MockitoTestExecutionListener@5b3a8bea, org.springframework.boot.test.autoconfigure.SpringBootDependencyInjectionTestExecutionListener@6ba0dcba, org.springframework.test.context.support.DirtiesContextTestExecutionListener@6d7772d3, org.springframework.test.context.transaction.TransactionalTestExecutionListener@38394e76, org.springframework.test.context.jdbc.SqlScriptsTestExecutionListener@37d3e740, org.springframework.test.context.event.EventPublishingTestExecutionListener@5afba80c, org.springframework.boot.test.mock.mockito.ResetMocksTestExecutionListener@c4ca86a, org.springframework.boot.test.autoconfigure.restdocs.RestDocsTestExecutionListener@7e741d6b, org.springframework.boot.test.autoconfigure.web.client.MockRestServiceServerResetTestExecutionListener@56351c02, org.springframework.boot.test.autoconfigure.web.servlet.MockMvcPrintOnlyOnFailureTestExecutionListener@51097500, org.springframework.boot.test.autoconfigure.web.servlet.WebDriverTestExecutionListener@386f88b3, org.springframework.boot.test.autoconfigure.webservices.client.MockWebServiceServerTestExecutionListener@662e5590]
2021-05-04 22:34:27,626 DEBUG org.jboss.logging.DelegatingBasicLogger [main] Executing batch size: 1
2021-05-04 22:34:27,640 DEBUG org.jboss.logging.DelegatingBasicLogger [main] Executing batch size: 1
2021-05-04 22:34:27,649 DEBUG org.jboss.logging.DelegatingBasicLogger [main] Executing batch size: 1
2021-05-04 22:34:27,658 DEBUG org.jboss.logging.DelegatingBasicLogger [main] Executing batch size: 1
2021-05-04 22:34:27,668 DEBUG org.jboss.logging.DelegatingBasicLogger [main] Executing batch size: 1
2021-05-04 22:34:27,671 DEBUG org.jboss.logging.DelegatingBasicLogger [main] Executing batch size: 1
2021-05-04 22:34:27,674 DEBUG org.jboss.logging.DelegatingBasicLogger [main] Executing batch size: 1
2021-05-04 22:34:27,676 DEBUG org.jboss.logging.DelegatingBasicLogger [main] Executing batch size: 1
2021-05-04 22:34:27,679 DEBUG org.jboss.logging.DelegatingBasicLogger [main] Executing batch size: 1
2021-05-04 22:34:27,703 DEBUG org.jboss.logging.DelegatingBasicLogger [main] Executing batch size: 1
2021-05-04 22:34:27,704 DEBUG org.jboss.logging.DelegatingBasicLogger [main] Executing batch size: 3
2021-05-04 22:34:27,727 DEBUG org.jboss.logging.DelegatingBasicLogger [main] Executing batch size: 5
2021-05-04 22:34:27,728 DEBUG org.jboss.logging.DelegatingBasicLogger [main] Executing batch size: 3
2021-05-04 22:34:27,738 DEBUG org.jboss.logging.DelegatingBasicLogger [main] Executing batch size: 1
2021-05-04 22:34:27,740 INFO org.hibernate.engine.jdbc.batch.internal.AbstractBatchImpl [main] HHH000010: On release of batch it still contained JDBC statements
2021-05-04 22:34:27,740 ERROR org.hibernate.engine.jdbc.batch.internal.BatchingBatch [main] HHH000315: Exception executing batch [org.h2.jdbc.JdbcBatchUpdateException: Violación de Check constraint: "ANSWER_CONTENT_CHECK: (CASE WHEN (ANSWER_TYPE = 'answer_weighted') THEN CASE WHEN (ANSWERWEIGHT IS NOT NULL) THEN 1 ELSE 0 END ELSE 1 END = 1)"
Check constraint violation: "ANSWER_CONTENT_CHECK: (CASE WHEN (ANSWER_TYPE = 'answer_weighted') THEN CASE WHEN (ANSWERWEIGHT IS NOT NULL) THEN 1 ELSE 0 END ELSE 1 END = 1)"; SQL statement:
insert into Answer (answerText, question_id, answerWeight, answer_type, id) values (?, ?, ?, 'answer_weighted', ?) [23513-200]], SQL: insert into Answer (answerText, question_id, answerWeight, answer_type, id) values (?, ?, ?, 'answer_weighted', ?)
2021-05-04 22:34:27,741 WARN org.hibernate.engine.jdbc.spi.SqlExceptionHelper [main] SQL Error: 23513, SQLState: 23513
2021-05-04 22:34:27,741 ERROR org.hibernate.engine.jdbc.spi.SqlExceptionHelper [main] Violación de Check constraint: "ANSWER_CONTENT_CHECK: (CASE WHEN (ANSWER_TYPE = 'answer_weighted') THEN CASE WHEN (ANSWERWEIGHT IS NOT NULL) THEN 1 ELSE 0 END ELSE 1 END = 1)"
Check constraint violation: "ANSWER_CONTENT_CHECK: (CASE WHEN (ANSWER_TYPE = 'answer_weighted') THEN CASE WHEN (ANSWERWEIGHT IS NOT NULL) THEN 1 ELSE 0 END ELSE 1 END = 1)"; SQL statement:
insert into Answer (answerText, question_id, answerWeight, answer_type, id) values (?, ?, ?, 'answer_weighted', ?) [23513-200]
2021-05-04 22:34:27,792 INFO org.springframework.test.context.support.AbstractTestContextBootstrapper [main] Neither @ContextConfiguration nor @ContextHierarchy found for test class [com.chrisenochdatingsite.Dating.site.TestHomeController], using SpringBootContextLoader
2021-05-04 22:34:27,794 INFO org.springframework.test.context.support.AbstractContextLoader [main] Could not detect default resource locations for test class [com.chrisenochdatingsite.Dating.site.TestHomeController]: no resource found for suffixes {-context.xml, Context.groovy}.
2021-05-04 22:34:27,794 INFO org.springframework.test.context.support.AnnotationConfigContextLoaderUtils [main] Could not detect default configuration classes for test class [com.chrisenochdatingsite.Dating.site.TestHomeController]: TestHomeController does not declare any static, non-private, non-final, nested classes annotated with @Configuration.
2021-05-04 22:34:27,801 INFO org.springframework.boot.test.context.SpringBootTestContextBootstrapper [main] Found @SpringBootConfiguration com.chrisenochdatingsite.Dating.site.DatingSiteApplication for test class com.chrisenochdatingsite.Dating.site.TestHomeController
2021-05-04 22:34:27,803 INFO org.springframework.test.context.support.AbstractTestContextBootstrapper [main] Loaded default TestExecutionListener class names from location [META-INF/spring.factories]: [org.springframework.boot.test.mock.mockito.MockitoTestExecutionListener, org.springframework.boot.test.mock.mockito.ResetMocksTestExecutionListener, org.springframework.boot.test.autoconfigure.restdocs.RestDocsTestExecutionListener, org.springframework.boot.test.autoconfigure.web.client.MockRestServiceServerResetTestExecutionListener, org.springframework.boot.test.autoconfigure.web.servlet.MockMvcPrintOnlyOnFailureTestExecutionListener, org.springframework.boot.test.autoconfigure.web.servlet.WebDriverTestExecutionListener, org.springframework.boot.test.autoconfigure.webservices.client.MockWebServiceServerTestExecutionListener, org.springframework.test.context.web.ServletTestExecutionListener, org.springframework.test.context.support.DirtiesContextBeforeModesTestExecutionListener, org.springframework.test.context.support.DependencyInjectionTestExecutionListener, org.springframework.test.context.support.DirtiesContextTestExecutionListener, org.springframework.test.context.transaction.TransactionalTestExecutionListener, org.springframework.test.context.jdbc.SqlScriptsTestExecutionListener, org.springframework.test.context.event.EventPublishingTestExecutionListener]
2021-05-04 22:34:27,803 INFO org.springframework.test.context.support.AbstractTestContextBootstrapper [main] Using TestExecutionListeners: [org.springframework.test.context.web.ServletTestExecutionListener@1da61a29, org.springframework.test.context.support.DirtiesContextBeforeModesTestExecutionListener@47cf922d, org.springframework.boot.test.mock.mockito.MockitoTestExecutionListener@6b64921f, org.springframework.boot.test.autoconfigure.SpringBootDependencyInjectionTestExecutionListener@439d649c, org.springframework.test.context.support.DirtiesContextTestExecutionListener@6e475994, org.springframework.test.context.transaction.TransactionalTestExecutionListener@55a2f08b, org.springframework.test.context.jdbc.SqlScriptsTestExecutionListener@1a99744a, org.springframework.test.context.event.EventPublishingTestExecutionListener@32084a01, org.springframework.boot.test.mock.mockito.ResetMocksTestExecutionListener@66d73e2d, org.springframework.boot.test.autoconfigure.restdocs.RestDocsTestExecutionListener@2433bcd4, org.springframework.boot.test.autoconfigure.web.client.MockRestServiceServerResetTestExecutionListener@75d9b73c, org.springframework.boot.test.autoconfigure.web.servlet.MockMvcPrintOnlyOnFailureTestExecutionListener@5f1a3c4, org.springframework.boot.test.autoconfigure.web.servlet.WebDriverTestExecutionListener@5a08d301, org.springframework.boot.test.autoconfigure.webservices.client.MockWebServiceServerTestExecutionListener@63e40188]
2021-05-04 22:34:27,836 INFO org.springframework.boot.StartupInfoLogger [main] Starting TestHomeController on LAPTOP-AHLQDB75 with PID 16920 (started by chris in C:\Users\chris\OneDrive\Documentos\IT\_Java\Spring\Dating-site)
2021-05-04 22:34:27,836 INFO org.springframework.boot.SpringApplication [main] No active profile set, falling back to default profiles: default
2021-05-04 22:34:28,006 INFO org.springframework.data.repository.config.RepositoryConfigurationDelegate [main] Bootstrapping Spring Data JPA repositories in DEFERRED mode.
2021-05-04 22:34:28,026 INFO org.springframework.data.repository.config.RepositoryConfigurationDelegate [main] Finished Spring Data repository scanning in 18ms. Found 0 JPA repository interfaces.
2021-05-04 22:34:28,147 INFO org.hibernate.dialect.Dialect [main] HHH000400: Using dialect: org.hibernate.dialect.MySQL5Dialect
2021-05-04 22:34:28,198 INFO org.hibernate.tuple.PojoInstantiator [main] HHH000182: No default (no-argument) constructor for class: com.chrisenochdatingsite.Dating.site.entity.OpenQuestionImpl (class must be instantiated by Interceptor)
2021-05-04 22:34:28,230 INFO org.hibernate.engine.transaction.jta.platform.internal.JtaPlatformInitiator [main] HHH000490: Using JtaPlatform implementation: [org.hibernate.engine.transaction.jta.platform.internal.NoJtaPlatform]
2021-05-04 22:34:28,342 WARN org.springframework.boot.autoconfigure.orm.jpa.JpaBaseConfiguration$JpaWebConfiguration [main] spring.jpa.open-in-view is enabled by default. Therefore, database queries may be performed during view rendering. Explicitly configure spring.jpa.open-in-view to disable this warning
2021-05-04 22:34:28,427 INFO org.springframework.scheduling.concurrent.ExecutorConfigurationSupport [main] Initializing ExecutorService 'applicationTaskExecutor'
2021-05-04 22:34:28,441 INFO org.springframework.boot.autoconfigure.h2.H2ConsoleAutoConfiguration [main] H2 console available at '/h2-console'. Database available at 'jdbc:h2:mem:test'
2021-05-04 22:34:28,632 INFO org.springframework.mock.web.MockServletContext [main] Initializing Spring TestDispatcherServlet ''
2021-05-04 22:34:28,632 INFO org.springframework.web.servlet.FrameworkServlet [main] Initializing Servlet ''
2021-05-04 22:34:28,643 INFO org.springframework.web.servlet.FrameworkServlet [main] Completed initialization in 10 ms
2021-05-04 22:34:28,647 INFO org.springframework.data.repository.config.DeferredRepositoryInitializationListener [main] Triggering deferred initialization of Spring Data repositories…
2021-05-04 22:34:28,647 INFO org.springframework.data.repository.config.DeferredRepositoryInitializationListener [main] Spring Data repositories initialized!
2021-05-04 22:34:28,649 INFO org.springframework.boot.StartupInfoLogger [main] Started TestHomeController in 0.841 seconds (JVM running for 5.434)
2021-05-04 22:34:28,663 INFO org.springframework.scheduling.concurrent.ExecutorConfigurationSupport [SpringContextShutdownHook] Shutting down ExecutorService 'applicationTaskExecutor'
2021-05-04 22:34:28,663 INFO org.springframework.scheduling.concurrent.ExecutorConfigurationSupport [SpringContextShutdownHook] Shutting down ExecutorService 'applicationTaskExecutor'
