2021-05-09 15:43:04,909 INFO org.springframework.boot.StartupInfoLogger [main] Starting DatingSiteApplicationTests on LAPTOP-AHLQDB75 with PID 2408 (started by chris in C:\Users\chris\OneDrive\Documentos\IT\_Java\Spring\Dating-site)
2021-05-09 15:43:04,911 INFO org.springframework.boot.SpringApplication [main] No active profile set, falling back to default profiles: default
2021-05-09 15:43:05,476 INFO org.springframework.data.repository.config.RepositoryConfigurationDelegate [main] Bootstrapping Spring Data JPA repositories in DEFERRED mode.
2021-05-09 15:43:05,513 INFO org.springframework.data.repository.config.RepositoryConfigurationDelegate [main] Finished Spring Data repository scanning in 30ms. Found 0 JPA repository interfaces.
2021-05-09 15:43:06,127 INFO org.hibernate.Version [main] HHH000412: Hibernate ORM core version 5.4.22.Final
2021-05-09 15:43:06,296 INFO org.hibernate.annotations.common.reflection.java.JavaReflectionManager [main] HCANN000001: Hibernate Commons Annotations {5.1.0.Final}
2021-05-09 15:43:06,471 INFO org.hibernate.dialect.Dialect [main] HHH000400: Using dialect: org.hibernate.dialect.MySQL5Dialect
2021-05-09 15:43:06,959 INFO org.hibernate.tuple.PojoInstantiator [main] HHH000182: No default (no-argument) constructor for class: com.chrisenochdatingsite.Dating.site.entity.OpenQuestionImpl (class must be instantiated by Interceptor)
2021-05-09 15:43:07,070 INFO org.hibernate.engine.transaction.jta.platform.internal.JtaPlatformInitiator [main] HHH000490: Using JtaPlatform implementation: [org.hibernate.engine.transaction.jta.platform.internal.NoJtaPlatform]
2021-05-09 15:43:07,392 WARN org.springframework.boot.autoconfigure.orm.jpa.JpaBaseConfiguration$JpaWebConfiguration [main] spring.jpa.open-in-view is enabled by default. Therefore, database queries may be performed during view rendering. Explicitly configure spring.jpa.open-in-view to disable this warning
2021-05-09 15:43:07,610 INFO org.springframework.scheduling.concurrent.ExecutorConfigurationSupport [main] Initializing ExecutorService 'applicationTaskExecutor'
2021-05-09 15:43:07,656 INFO org.springframework.boot.autoconfigure.h2.H2ConsoleAutoConfiguration [main] H2 console available at '/h2-console'. Database available at 'jdbc:h2:mem:test'
2021-05-09 15:43:07,969 INFO org.springframework.data.repository.config.DeferredRepositoryInitializationListener [main] Triggering deferred initialization of Spring Data repositories…
2021-05-09 15:43:07,970 INFO org.springframework.data.repository.config.DeferredRepositoryInitializationListener [main] Spring Data repositories initialized!
2021-05-09 15:43:07,978 INFO org.springframework.boot.StartupInfoLogger [main] Started DatingSiteApplicationTests in 3.335 seconds (JVM running for 4.392)
2021-05-09 15:43:08,246 INFO org.springframework.test.context.support.AbstractTestContextBootstrapper [main] Neither @ContextConfiguration nor @ContextHierarchy found for test class [com.chrisenochdatingsite.Dating.site.TestH2], using SpringBootContextLoader
2021-05-09 15:43:08,247 INFO org.springframework.test.context.support.AbstractContextLoader [main] Could not detect default resource locations for test class [com.chrisenochdatingsite.Dating.site.TestH2]: no resource found for suffixes {-context.xml, Context.groovy}.
2021-05-09 15:43:08,248 INFO org.springframework.test.context.support.AnnotationConfigContextLoaderUtils [main] Could not detect default configuration classes for test class [com.chrisenochdatingsite.Dating.site.TestH2]: TestH2 does not declare any static, non-private, non-final, nested classes annotated with @Configuration.
2021-05-09 15:43:08,250 INFO org.springframework.boot.test.context.SpringBootTestContextBootstrapper [main] Found @SpringBootConfiguration com.chrisenochdatingsite.Dating.site.DatingSiteApplication for test class com.chrisenochdatingsite.Dating.site.TestH2
2021-05-09 15:43:08,253 INFO org.springframework.test.context.support.AbstractTestContextBootstrapper [main] Loaded default TestExecutionListener class names from location [META-INF/spring.factories]: [org.springframework.boot.test.mock.mockito.MockitoTestExecutionListener, org.springframework.boot.test.mock.mockito.ResetMocksTestExecutionListener, org.springframework.boot.test.autoconfigure.restdocs.RestDocsTestExecutionListener, org.springframework.boot.test.autoconfigure.web.client.MockRestServiceServerResetTestExecutionListener, org.springframework.boot.test.autoconfigure.web.servlet.MockMvcPrintOnlyOnFailureTestExecutionListener, org.springframework.boot.test.autoconfigure.web.servlet.WebDriverTestExecutionListener, org.springframework.boot.test.autoconfigure.webservices.client.MockWebServiceServerTestExecutionListener, org.springframework.test.context.web.ServletTestExecutionListener, org.springframework.test.context.support.DirtiesContextBeforeModesTestExecutionListener, org.springframework.test.context.support.DependencyInjectionTestExecutionListener, org.springframework.test.context.support.DirtiesContextTestExecutionListener, org.springframework.test.context.transaction.TransactionalTestExecutionListener, org.springframework.test.context.jdbc.SqlScriptsTestExecutionListener, org.springframework.test.context.event.EventPublishingTestExecutionListener]
2021-05-09 15:43:08,254 INFO org.springframework.test.context.support.AbstractTestContextBootstrapper [main] Using TestExecutionListeners: [org.springframework.test.context.web.ServletTestExecutionListener@32068aef, org.springframework.test.context.support.DirtiesContextBeforeModesTestExecutionListener@8ab231, org.springframework.boot.test.mock.mockito.MockitoTestExecutionListener@5b3a8bea, org.springframework.boot.test.autoconfigure.SpringBootDependencyInjectionTestExecutionListener@6ba0dcba, org.springframework.test.context.support.DirtiesContextTestExecutionListener@6d7772d3, org.springframework.test.context.transaction.TransactionalTestExecutionListener@38394e76, org.springframework.test.context.jdbc.SqlScriptsTestExecutionListener@37d3e740, org.springframework.test.context.event.EventPublishingTestExecutionListener@5afba80c, org.springframework.boot.test.mock.mockito.ResetMocksTestExecutionListener@c4ca86a, org.springframework.boot.test.autoconfigure.restdocs.RestDocsTestExecutionListener@7e741d6b, org.springframework.boot.test.autoconfigure.web.client.MockRestServiceServerResetTestExecutionListener@56351c02, org.springframework.boot.test.autoconfigure.web.servlet.MockMvcPrintOnlyOnFailureTestExecutionListener@51097500, org.springframework.boot.test.autoconfigure.web.servlet.WebDriverTestExecutionListener@386f88b3, org.springframework.boot.test.autoconfigure.webservices.client.MockWebServiceServerTestExecutionListener@662e5590]
2021-05-09 15:43:08,516 DEBUG org.jboss.logging.DelegatingBasicLogger [main] Executing batch size: 1
2021-05-09 15:43:08,529 DEBUG org.jboss.logging.DelegatingBasicLogger [main] Executing batch size: 1
2021-05-09 15:43:08,540 DEBUG org.jboss.logging.DelegatingBasicLogger [main] Executing batch size: 1
2021-05-09 15:43:08,551 DEBUG org.jboss.logging.DelegatingBasicLogger [main] Executing batch size: 1
2021-05-09 15:43:08,560 DEBUG org.jboss.logging.DelegatingBasicLogger [main] Executing batch size: 1
2021-05-09 15:43:08,563 DEBUG org.jboss.logging.DelegatingBasicLogger [main] Executing batch size: 1
2021-05-09 15:43:08,565 DEBUG org.jboss.logging.DelegatingBasicLogger [main] Executing batch size: 1
2021-05-09 15:43:08,567 DEBUG org.jboss.logging.DelegatingBasicLogger [main] Executing batch size: 1
2021-05-09 15:43:08,570 DEBUG org.jboss.logging.DelegatingBasicLogger [main] Executing batch size: 1
2021-05-09 15:43:08,599 DEBUG org.jboss.logging.DelegatingBasicLogger [main] Executing batch size: 1
2021-05-09 15:43:08,600 DEBUG org.jboss.logging.DelegatingBasicLogger [main] Executing batch size: 3
2021-05-09 15:43:08,628 DEBUG org.jboss.logging.DelegatingBasicLogger [main] Executing batch size: 5
2021-05-09 15:43:08,630 DEBUG org.jboss.logging.DelegatingBasicLogger [main] Executing batch size: 3
2021-05-09 15:43:08,640 DEBUG org.jboss.logging.DelegatingBasicLogger [main] Executing batch size: 1
2021-05-09 15:43:08,642 INFO org.hibernate.engine.jdbc.batch.internal.AbstractBatchImpl [main] HHH000010: On release of batch it still contained JDBC statements
2021-05-09 15:43:08,642 ERROR org.hibernate.engine.jdbc.batch.internal.BatchingBatch [main] HHH000315: Exception executing batch [org.h2.jdbc.JdbcBatchUpdateException: Violación de Check constraint: "ANSWER_CONTENT_CHECK: (CASE WHEN (ANSWER_TYPE = 'answer_weighted') THEN CASE WHEN (ANSWERWEIGHT IS NOT NULL) THEN 1 ELSE 0 END ELSE 1 END = 1)"
Check constraint violation: "ANSWER_CONTENT_CHECK: (CASE WHEN (ANSWER_TYPE = 'answer_weighted') THEN CASE WHEN (ANSWERWEIGHT IS NOT NULL) THEN 1 ELSE 0 END ELSE 1 END = 1)"; SQL statement:
insert into Answer (answerText, question_id, answerWeight, answer_type, id) values (?, ?, ?, 'answer_weighted', ?) [23513-200]], SQL: insert into Answer (answerText, question_id, answerWeight, answer_type, id) values (?, ?, ?, 'answer_weighted', ?)
2021-05-09 15:43:08,643 WARN org.hibernate.engine.jdbc.spi.SqlExceptionHelper [main] SQL Error: 23513, SQLState: 23513
2021-05-09 15:43:08,644 ERROR org.hibernate.engine.jdbc.spi.SqlExceptionHelper [main] Violación de Check constraint: "ANSWER_CONTENT_CHECK: (CASE WHEN (ANSWER_TYPE = 'answer_weighted') THEN CASE WHEN (ANSWERWEIGHT IS NOT NULL) THEN 1 ELSE 0 END ELSE 1 END = 1)"
Check constraint violation: "ANSWER_CONTENT_CHECK: (CASE WHEN (ANSWER_TYPE = 'answer_weighted') THEN CASE WHEN (ANSWERWEIGHT IS NOT NULL) THEN 1 ELSE 0 END ELSE 1 END = 1)"; SQL statement:
insert into Answer (answerText, question_id, answerWeight, answer_type, id) values (?, ?, ?, 'answer_weighted', ?) [23513-200]
2021-05-09 15:43:08,703 INFO org.springframework.test.context.support.AbstractTestContextBootstrapper [main] Neither @ContextConfiguration nor @ContextHierarchy found for test class [com.chrisenochdatingsite.Dating.site.TestHomeController], using SpringBootContextLoader
2021-05-09 15:43:08,706 INFO org.springframework.test.context.support.AbstractContextLoader [main] Could not detect default resource locations for test class [com.chrisenochdatingsite.Dating.site.TestHomeController]: no resource found for suffixes {-context.xml, Context.groovy}.
2021-05-09 15:43:08,706 INFO org.springframework.test.context.support.AnnotationConfigContextLoaderUtils [main] Could not detect default configuration classes for test class [com.chrisenochdatingsite.Dating.site.TestHomeController]: TestHomeController does not declare any static, non-private, non-final, nested classes annotated with @Configuration.
2021-05-09 15:43:08,713 INFO org.springframework.boot.test.context.SpringBootTestContextBootstrapper [main] Found @SpringBootConfiguration com.chrisenochdatingsite.Dating.site.DatingSiteApplication for test class com.chrisenochdatingsite.Dating.site.TestHomeController
2021-05-09 15:43:08,714 INFO org.springframework.test.context.support.AbstractTestContextBootstrapper [main] Loaded default TestExecutionListener class names from location [META-INF/spring.factories]: [org.springframework.boot.test.mock.mockito.MockitoTestExecutionListener, org.springframework.boot.test.mock.mockito.ResetMocksTestExecutionListener, org.springframework.boot.test.autoconfigure.restdocs.RestDocsTestExecutionListener, org.springframework.boot.test.autoconfigure.web.client.MockRestServiceServerResetTestExecutionListener, org.springframework.boot.test.autoconfigure.web.servlet.MockMvcPrintOnlyOnFailureTestExecutionListener, org.springframework.boot.test.autoconfigure.web.servlet.WebDriverTestExecutionListener, org.springframework.boot.test.autoconfigure.webservices.client.MockWebServiceServerTestExecutionListener, org.springframework.test.context.web.ServletTestExecutionListener, org.springframework.test.context.support.DirtiesContextBeforeModesTestExecutionListener, org.springframework.test.context.support.DependencyInjectionTestExecutionListener, org.springframework.test.context.support.DirtiesContextTestExecutionListener, org.springframework.test.context.transaction.TransactionalTestExecutionListener, org.springframework.test.context.jdbc.SqlScriptsTestExecutionListener, org.springframework.test.context.event.EventPublishingTestExecutionListener]
2021-05-09 15:43:08,714 INFO org.springframework.test.context.support.AbstractTestContextBootstrapper [main] Using TestExecutionListeners: [org.springframework.test.context.web.ServletTestExecutionListener@457d3f54, org.springframework.test.context.support.DirtiesContextBeforeModesTestExecutionListener@144792d5, org.springframework.boot.test.mock.mockito.MockitoTestExecutionListener@1da61a29, org.springframework.boot.test.autoconfigure.SpringBootDependencyInjectionTestExecutionListener@47cf922d, org.springframework.test.context.support.DirtiesContextTestExecutionListener@6b64921f, org.springframework.test.context.transaction.TransactionalTestExecutionListener@439d649c, org.springframework.test.context.jdbc.SqlScriptsTestExecutionListener@6e475994, org.springframework.test.context.event.EventPublishingTestExecutionListener@55a2f08b, org.springframework.boot.test.mock.mockito.ResetMocksTestExecutionListener@1a99744a, org.springframework.boot.test.autoconfigure.restdocs.RestDocsTestExecutionListener@32084a01, org.springframework.boot.test.autoconfigure.web.client.MockRestServiceServerResetTestExecutionListener@66d73e2d, org.springframework.boot.test.autoconfigure.web.servlet.MockMvcPrintOnlyOnFailureTestExecutionListener@2433bcd4, org.springframework.boot.test.autoconfigure.web.servlet.WebDriverTestExecutionListener@75d9b73c, org.springframework.boot.test.autoconfigure.webservices.client.MockWebServiceServerTestExecutionListener@5f1a3c4]
2021-05-09 15:43:08,746 INFO org.springframework.boot.StartupInfoLogger [main] Starting TestHomeController on LAPTOP-AHLQDB75 with PID 2408 (started by chris in C:\Users\chris\OneDrive\Documentos\IT\_Java\Spring\Dating-site)
2021-05-09 15:43:08,746 INFO org.springframework.boot.SpringApplication [main] No active profile set, falling back to default profiles: default
2021-05-09 15:43:08,910 INFO org.springframework.data.repository.config.RepositoryConfigurationDelegate [main] Bootstrapping Spring Data JPA repositories in DEFERRED mode.
2021-05-09 15:43:08,935 INFO org.springframework.data.repository.config.RepositoryConfigurationDelegate [main] Finished Spring Data repository scanning in 24ms. Found 0 JPA repository interfaces.
2021-05-09 15:43:09,065 INFO org.hibernate.dialect.Dialect [main] HHH000400: Using dialect: org.hibernate.dialect.MySQL5Dialect
2021-05-09 15:43:09,125 INFO org.hibernate.tuple.PojoInstantiator [main] HHH000182: No default (no-argument) constructor for class: com.chrisenochdatingsite.Dating.site.entity.OpenQuestionImpl (class must be instantiated by Interceptor)
2021-05-09 15:43:09,153 INFO org.hibernate.engine.transaction.jta.platform.internal.JtaPlatformInitiator [main] HHH000490: Using JtaPlatform implementation: [org.hibernate.engine.transaction.jta.platform.internal.NoJtaPlatform]
2021-05-09 15:43:09,277 WARN org.springframework.boot.autoconfigure.orm.jpa.JpaBaseConfiguration$JpaWebConfiguration [main] spring.jpa.open-in-view is enabled by default. Therefore, database queries may be performed during view rendering. Explicitly configure spring.jpa.open-in-view to disable this warning
2021-05-09 15:43:09,364 INFO org.springframework.scheduling.concurrent.ExecutorConfigurationSupport [main] Initializing ExecutorService 'applicationTaskExecutor'
2021-05-09 15:43:09,380 INFO org.springframework.boot.autoconfigure.h2.H2ConsoleAutoConfiguration [main] H2 console available at '/h2-console'. Database available at 'jdbc:h2:mem:test'
2021-05-09 15:43:09,602 INFO org.springframework.mock.web.MockServletContext [main] Initializing Spring TestDispatcherServlet ''
2021-05-09 15:43:09,603 INFO org.springframework.web.servlet.FrameworkServlet [main] Initializing Servlet ''
2021-05-09 15:43:09,614 INFO org.springframework.web.servlet.FrameworkServlet [main] Completed initialization in 11 ms
2021-05-09 15:43:09,619 INFO org.springframework.data.repository.config.DeferredRepositoryInitializationListener [main] Triggering deferred initialization of Spring Data repositories…
2021-05-09 15:43:09,619 INFO org.springframework.data.repository.config.DeferredRepositoryInitializationListener [main] Spring Data repositories initialized!
2021-05-09 15:43:09,621 INFO org.springframework.boot.StartupInfoLogger [main] Started TestHomeController in 0.905 seconds (JVM running for 6.034)
2021-05-09 15:43:09,635 INFO org.springframework.scheduling.concurrent.ExecutorConfigurationSupport [SpringContextShutdownHook] Shutting down ExecutorService 'applicationTaskExecutor'
2021-05-09 15:43:09,635 INFO org.springframework.scheduling.concurrent.ExecutorConfigurationSupport [SpringContextShutdownHook] Shutting down ExecutorService 'applicationTaskExecutor'
