2021-05-16 13:36:46,928 INFO org.springframework.boot.StartupInfoLogger [main] Starting DatingSiteApplicationTests on LAPTOP-AHLQDB75 with PID 16508 (started by chris in C:\Users\chris\OneDrive\Documentos\IT\_Java\Spring\Dating-site)
2021-05-16 13:36:46,931 INFO org.springframework.boot.SpringApplication [main] No active profile set, falling back to default profiles: default
2021-05-16 13:36:47,488 INFO org.springframework.data.repository.config.RepositoryConfigurationDelegate [main] Bootstrapping Spring Data JPA repositories in DEFERRED mode.
2021-05-16 13:36:47,524 INFO org.springframework.data.repository.config.RepositoryConfigurationDelegate [main] Finished Spring Data repository scanning in 29ms. Found 0 JPA repository interfaces.
2021-05-16 13:36:48,128 INFO org.hibernate.Version [main] HHH000412: Hibernate ORM core version 5.4.22.Final
2021-05-16 13:36:48,307 INFO org.hibernate.annotations.common.reflection.java.JavaReflectionManager [main] HCANN000001: Hibernate Commons Annotations {5.1.0.Final}
2021-05-16 13:36:48,471 INFO org.hibernate.dialect.Dialect [main] HHH000400: Using dialect: org.hibernate.dialect.MySQL5Dialect
2021-05-16 13:36:49,030 INFO org.hibernate.tuple.PojoInstantiator [main] HHH000182: No default (no-argument) constructor for class: com.chrisenochdatingsite.Dating.site.entity.OpenQuestionImpl (class must be instantiated by Interceptor)
2021-05-16 13:36:49,142 INFO org.hibernate.engine.transaction.jta.platform.internal.JtaPlatformInitiator [main] HHH000490: Using JtaPlatform implementation: [org.hibernate.engine.transaction.jta.platform.internal.NoJtaPlatform]
2021-05-16 13:36:49,445 WARN org.springframework.boot.autoconfigure.orm.jpa.JpaBaseConfiguration$JpaWebConfiguration [main] spring.jpa.open-in-view is enabled by default. Therefore, database queries may be performed during view rendering. Explicitly configure spring.jpa.open-in-view to disable this warning
2021-05-16 13:36:49,668 INFO org.springframework.scheduling.concurrent.ExecutorConfigurationSupport [main] Initializing ExecutorService 'applicationTaskExecutor'
2021-05-16 13:36:49,716 INFO org.springframework.boot.autoconfigure.h2.H2ConsoleAutoConfiguration [main] H2 console available at '/h2-console'. Database available at 'jdbc:h2:mem:test'
2021-05-16 13:36:50,016 INFO org.springframework.data.repository.config.DeferredRepositoryInitializationListener [main] Triggering deferred initialization of Spring Data repositories…
2021-05-16 13:36:50,016 INFO org.springframework.data.repository.config.DeferredRepositoryInitializationListener [main] Spring Data repositories initialized!
2021-05-16 13:36:50,024 INFO org.springframework.boot.StartupInfoLogger [main] Started DatingSiteApplicationTests in 3.373 seconds (JVM running for 4.445)
2021-05-16 13:36:50,260 INFO org.springframework.test.context.support.AbstractTestContextBootstrapper [main] Neither @ContextConfiguration nor @ContextHierarchy found for test class [com.chrisenochdatingsite.Dating.site.TestH2], using SpringBootContextLoader
2021-05-16 13:36:50,262 INFO org.springframework.test.context.support.AbstractContextLoader [main] Could not detect default resource locations for test class [com.chrisenochdatingsite.Dating.site.TestH2]: no resource found for suffixes {-context.xml, Context.groovy}.
2021-05-16 13:36:50,263 INFO org.springframework.test.context.support.AnnotationConfigContextLoaderUtils [main] Could not detect default configuration classes for test class [com.chrisenochdatingsite.Dating.site.TestH2]: TestH2 does not declare any static, non-private, non-final, nested classes annotated with @Configuration.
2021-05-16 13:36:50,265 INFO org.springframework.boot.test.context.SpringBootTestContextBootstrapper [main] Found @SpringBootConfiguration com.chrisenochdatingsite.Dating.site.DatingSiteApplication for test class com.chrisenochdatingsite.Dating.site.TestH2
2021-05-16 13:36:50,267 INFO org.springframework.test.context.support.AbstractTestContextBootstrapper [main] Loaded default TestExecutionListener class names from location [META-INF/spring.factories]: [org.springframework.boot.test.mock.mockito.MockitoTestExecutionListener, org.springframework.boot.test.mock.mockito.ResetMocksTestExecutionListener, org.springframework.boot.test.autoconfigure.restdocs.RestDocsTestExecutionListener, org.springframework.boot.test.autoconfigure.web.client.MockRestServiceServerResetTestExecutionListener, org.springframework.boot.test.autoconfigure.web.servlet.MockMvcPrintOnlyOnFailureTestExecutionListener, org.springframework.boot.test.autoconfigure.web.servlet.WebDriverTestExecutionListener, org.springframework.boot.test.autoconfigure.webservices.client.MockWebServiceServerTestExecutionListener, org.springframework.test.context.web.ServletTestExecutionListener, org.springframework.test.context.support.DirtiesContextBeforeModesTestExecutionListener, org.springframework.test.context.support.DependencyInjectionTestExecutionListener, org.springframework.test.context.support.DirtiesContextTestExecutionListener, org.springframework.test.context.transaction.TransactionalTestExecutionListener, org.springframework.test.context.jdbc.SqlScriptsTestExecutionListener, org.springframework.test.context.event.EventPublishingTestExecutionListener]
2021-05-16 13:36:50,268 INFO org.springframework.test.context.support.AbstractTestContextBootstrapper [main] Using TestExecutionListeners: [org.springframework.test.context.web.ServletTestExecutionListener@7e615c6a, org.springframework.test.context.support.DirtiesContextBeforeModesTestExecutionListener@3662c887, org.springframework.boot.test.mock.mockito.MockitoTestExecutionListener@23119bc3, org.springframework.boot.test.autoconfigure.SpringBootDependencyInjectionTestExecutionListener@32f54c2a, org.springframework.test.context.support.DirtiesContextTestExecutionListener@4603c412, org.springframework.test.context.transaction.TransactionalTestExecutionListener@66851aa5, org.springframework.test.context.jdbc.SqlScriptsTestExecutionListener@49654a35, org.springframework.test.context.event.EventPublishingTestExecutionListener@5169db2f, org.springframework.boot.test.mock.mockito.ResetMocksTestExecutionListener@912a644, org.springframework.boot.test.autoconfigure.restdocs.RestDocsTestExecutionListener@478cc5f1, org.springframework.boot.test.autoconfigure.web.client.MockRestServiceServerResetTestExecutionListener@245b0bd7, org.springframework.boot.test.autoconfigure.web.servlet.MockMvcPrintOnlyOnFailureTestExecutionListener@3bf41cd0, org.springframework.boot.test.autoconfigure.web.servlet.WebDriverTestExecutionListener@2748bd6c, org.springframework.boot.test.autoconfigure.webservices.client.MockWebServiceServerTestExecutionListener@64a4739]
2021-05-16 13:36:50,528 DEBUG org.jboss.logging.DelegatingBasicLogger [main] Executing batch size: 1
2021-05-16 13:36:50,541 DEBUG org.jboss.logging.DelegatingBasicLogger [main] Executing batch size: 1
2021-05-16 13:36:50,551 DEBUG org.jboss.logging.DelegatingBasicLogger [main] Executing batch size: 1
2021-05-16 13:36:50,559 DEBUG org.jboss.logging.DelegatingBasicLogger [main] Executing batch size: 1
2021-05-16 13:36:50,568 DEBUG org.jboss.logging.DelegatingBasicLogger [main] Executing batch size: 1
2021-05-16 13:36:50,571 DEBUG org.jboss.logging.DelegatingBasicLogger [main] Executing batch size: 1
2021-05-16 13:36:50,574 DEBUG org.jboss.logging.DelegatingBasicLogger [main] Executing batch size: 1
2021-05-16 13:36:50,576 DEBUG org.jboss.logging.DelegatingBasicLogger [main] Executing batch size: 1
2021-05-16 13:36:50,579 DEBUG org.jboss.logging.DelegatingBasicLogger [main] Executing batch size: 1
2021-05-16 13:36:50,605 DEBUG org.jboss.logging.DelegatingBasicLogger [main] Executing batch size: 1
2021-05-16 13:36:50,607 DEBUG org.jboss.logging.DelegatingBasicLogger [main] Executing batch size: 3
2021-05-16 13:36:50,629 DEBUG org.jboss.logging.DelegatingBasicLogger [main] Executing batch size: 5
2021-05-16 13:36:50,631 DEBUG org.jboss.logging.DelegatingBasicLogger [main] Executing batch size: 3
2021-05-16 13:36:50,641 DEBUG org.jboss.logging.DelegatingBasicLogger [main] Executing batch size: 1
2021-05-16 13:36:50,642 INFO org.hibernate.engine.jdbc.batch.internal.AbstractBatchImpl [main] HHH000010: On release of batch it still contained JDBC statements
2021-05-16 13:36:50,642 ERROR org.hibernate.engine.jdbc.batch.internal.BatchingBatch [main] HHH000315: Exception executing batch [org.h2.jdbc.JdbcBatchUpdateException: Violación de Check constraint: "ANSWER_CONTENT_CHECK: (CASE WHEN (ANSWER_TYPE = 'answer_weighted') THEN CASE WHEN (ANSWERWEIGHT IS NOT NULL) THEN 1 ELSE 0 END ELSE 1 END = 1)"
Check constraint violation: "ANSWER_CONTENT_CHECK: (CASE WHEN (ANSWER_TYPE = 'answer_weighted') THEN CASE WHEN (ANSWERWEIGHT IS NOT NULL) THEN 1 ELSE 0 END ELSE 1 END = 1)"; SQL statement:
insert into Answer (answerText, question_id, answerWeight, answer_type, id) values (?, ?, ?, 'answer_weighted', ?) [23513-200]], SQL: insert into Answer (answerText, question_id, answerWeight, answer_type, id) values (?, ?, ?, 'answer_weighted', ?)
2021-05-16 13:36:50,643 WARN org.hibernate.engine.jdbc.spi.SqlExceptionHelper [main] SQL Error: 23513, SQLState: 23513
2021-05-16 13:36:50,643 ERROR org.hibernate.engine.jdbc.spi.SqlExceptionHelper [main] Violación de Check constraint: "ANSWER_CONTENT_CHECK: (CASE WHEN (ANSWER_TYPE = 'answer_weighted') THEN CASE WHEN (ANSWERWEIGHT IS NOT NULL) THEN 1 ELSE 0 END ELSE 1 END = 1)"
Check constraint violation: "ANSWER_CONTENT_CHECK: (CASE WHEN (ANSWER_TYPE = 'answer_weighted') THEN CASE WHEN (ANSWERWEIGHT IS NOT NULL) THEN 1 ELSE 0 END ELSE 1 END = 1)"; SQL statement:
insert into Answer (answerText, question_id, answerWeight, answer_type, id) values (?, ?, ?, 'answer_weighted', ?) [23513-200]
2021-05-16 13:36:50,689 INFO org.springframework.test.context.support.AbstractTestContextBootstrapper [main] Neither @ContextConfiguration nor @ContextHierarchy found for test class [com.chrisenochdatingsite.Dating.site.TestHomeController], using SpringBootContextLoader
2021-05-16 13:36:50,691 INFO org.springframework.test.context.support.AbstractContextLoader [main] Could not detect default resource locations for test class [com.chrisenochdatingsite.Dating.site.TestHomeController]: no resource found for suffixes {-context.xml, Context.groovy}.
2021-05-16 13:36:50,692 INFO org.springframework.test.context.support.AnnotationConfigContextLoaderUtils [main] Could not detect default configuration classes for test class [com.chrisenochdatingsite.Dating.site.TestHomeController]: TestHomeController does not declare any static, non-private, non-final, nested classes annotated with @Configuration.
2021-05-16 13:36:50,700 INFO org.springframework.boot.test.context.SpringBootTestContextBootstrapper [main] Found @SpringBootConfiguration com.chrisenochdatingsite.Dating.site.DatingSiteApplication for test class com.chrisenochdatingsite.Dating.site.TestHomeController
2021-05-16 13:36:50,703 INFO org.springframework.test.context.support.AbstractTestContextBootstrapper [main] Loaded default TestExecutionListener class names from location [META-INF/spring.factories]: [org.springframework.boot.test.mock.mockito.MockitoTestExecutionListener, org.springframework.boot.test.mock.mockito.ResetMocksTestExecutionListener, org.springframework.boot.test.autoconfigure.restdocs.RestDocsTestExecutionListener, org.springframework.boot.test.autoconfigure.web.client.MockRestServiceServerResetTestExecutionListener, org.springframework.boot.test.autoconfigure.web.servlet.MockMvcPrintOnlyOnFailureTestExecutionListener, org.springframework.boot.test.autoconfigure.web.servlet.WebDriverTestExecutionListener, org.springframework.boot.test.autoconfigure.webservices.client.MockWebServiceServerTestExecutionListener, org.springframework.test.context.web.ServletTestExecutionListener, org.springframework.test.context.support.DirtiesContextBeforeModesTestExecutionListener, org.springframework.test.context.support.DependencyInjectionTestExecutionListener, org.springframework.test.context.support.DirtiesContextTestExecutionListener, org.springframework.test.context.transaction.TransactionalTestExecutionListener, org.springframework.test.context.jdbc.SqlScriptsTestExecutionListener, org.springframework.test.context.event.EventPublishingTestExecutionListener]
2021-05-16 13:36:50,703 INFO org.springframework.test.context.support.AbstractTestContextBootstrapper [main] Using TestExecutionListeners: [org.springframework.test.context.web.ServletTestExecutionListener@6164b3a2, org.springframework.test.context.support.DirtiesContextBeforeModesTestExecutionListener@345af277, org.springframework.boot.test.mock.mockito.MockitoTestExecutionListener@96448ee, org.springframework.boot.test.autoconfigure.SpringBootDependencyInjectionTestExecutionListener@59509393, org.springframework.test.context.support.DirtiesContextTestExecutionListener@1d6dc2b8, org.springframework.test.context.transaction.TransactionalTestExecutionListener@7ec75228, org.springframework.test.context.jdbc.SqlScriptsTestExecutionListener@55cf5626, org.springframework.test.context.event.EventPublishingTestExecutionListener@8de8b07, org.springframework.boot.test.mock.mockito.ResetMocksTestExecutionListener@7b55f0a6, org.springframework.boot.test.autoconfigure.restdocs.RestDocsTestExecutionListener@3fc7abf6, org.springframework.boot.test.autoconfigure.web.client.MockRestServiceServerResetTestExecutionListener@1016b44e, org.springframework.boot.test.autoconfigure.web.servlet.MockMvcPrintOnlyOnFailureTestExecutionListener@6c6c93f8, org.springframework.boot.test.autoconfigure.web.servlet.WebDriverTestExecutionListener@38e88e13, org.springframework.boot.test.autoconfigure.webservices.client.MockWebServiceServerTestExecutionListener@3a720ae3]
2021-05-16 13:36:50,736 INFO org.springframework.boot.StartupInfoLogger [main] Starting TestHomeController on LAPTOP-AHLQDB75 with PID 16508 (started by chris in C:\Users\chris\OneDrive\Documentos\IT\_Java\Spring\Dating-site)
2021-05-16 13:36:50,736 INFO org.springframework.boot.SpringApplication [main] No active profile set, falling back to default profiles: default
2021-05-16 13:36:50,924 INFO org.springframework.data.repository.config.RepositoryConfigurationDelegate [main] Bootstrapping Spring Data JPA repositories in DEFERRED mode.
2021-05-16 13:36:50,943 INFO org.springframework.data.repository.config.RepositoryConfigurationDelegate [main] Finished Spring Data repository scanning in 18ms. Found 0 JPA repository interfaces.
2021-05-16 13:36:51,086 INFO org.hibernate.dialect.Dialect [main] HHH000400: Using dialect: org.hibernate.dialect.MySQL5Dialect
2021-05-16 13:36:51,144 INFO org.hibernate.tuple.PojoInstantiator [main] HHH000182: No default (no-argument) constructor for class: com.chrisenochdatingsite.Dating.site.entity.OpenQuestionImpl (class must be instantiated by Interceptor)
2021-05-16 13:36:51,171 INFO org.hibernate.engine.transaction.jta.platform.internal.JtaPlatformInitiator [main] HHH000490: Using JtaPlatform implementation: [org.hibernate.engine.transaction.jta.platform.internal.NoJtaPlatform]
2021-05-16 13:36:51,306 WARN org.springframework.boot.autoconfigure.orm.jpa.JpaBaseConfiguration$JpaWebConfiguration [main] spring.jpa.open-in-view is enabled by default. Therefore, database queries may be performed during view rendering. Explicitly configure spring.jpa.open-in-view to disable this warning
2021-05-16 13:36:51,392 INFO org.springframework.scheduling.concurrent.ExecutorConfigurationSupport [main] Initializing ExecutorService 'applicationTaskExecutor'
2021-05-16 13:36:51,405 INFO org.springframework.boot.autoconfigure.h2.H2ConsoleAutoConfiguration [main] H2 console available at '/h2-console'. Database available at 'jdbc:h2:mem:test'
2021-05-16 13:36:51,620 INFO org.springframework.mock.web.MockServletContext [main] Initializing Spring TestDispatcherServlet ''
2021-05-16 13:36:51,620 INFO org.springframework.web.servlet.FrameworkServlet [main] Initializing Servlet ''
2021-05-16 13:36:51,631 INFO org.springframework.web.servlet.FrameworkServlet [main] Completed initialization in 10 ms
2021-05-16 13:36:51,635 INFO org.springframework.data.repository.config.DeferredRepositoryInitializationListener [main] Triggering deferred initialization of Spring Data repositories…
2021-05-16 13:36:51,635 INFO org.springframework.data.repository.config.DeferredRepositoryInitializationListener [main] Spring Data repositories initialized!
2021-05-16 13:36:51,638 INFO org.springframework.boot.StartupInfoLogger [main] Started TestHomeController in 0.932 seconds (JVM running for 6.058)
2021-05-16 13:36:51,651 INFO org.springframework.scheduling.concurrent.ExecutorConfigurationSupport [SpringContextShutdownHook] Shutting down ExecutorService 'applicationTaskExecutor'
2021-05-16 13:36:51,651 INFO org.springframework.scheduling.concurrent.ExecutorConfigurationSupport [SpringContextShutdownHook] Shutting down ExecutorService 'applicationTaskExecutor'
2021-05-16 13:45:48,014 INFO org.springframework.boot.StartupInfoLogger [main] Starting DatingSiteApplicationTests on LAPTOP-AHLQDB75 with PID 16960 (started by chris in C:\Users\chris\OneDrive\Documentos\IT\_Java\Spring\Dating-site)
2021-05-16 13:45:48,016 INFO org.springframework.boot.SpringApplication [main] No active profile set, falling back to default profiles: default
2021-05-16 13:45:48,523 INFO org.springframework.data.repository.config.RepositoryConfigurationDelegate [main] Bootstrapping Spring Data JPA repositories in DEFERRED mode.
2021-05-16 13:45:48,559 INFO org.springframework.data.repository.config.RepositoryConfigurationDelegate [main] Finished Spring Data repository scanning in 29ms. Found 0 JPA repository interfaces.
2021-05-16 13:45:49,134 INFO org.hibernate.Version [main] HHH000412: Hibernate ORM core version 5.4.22.Final
2021-05-16 13:45:49,301 INFO org.hibernate.annotations.common.reflection.java.JavaReflectionManager [main] HCANN000001: Hibernate Commons Annotations {5.1.0.Final}
2021-05-16 13:45:49,462 INFO org.hibernate.dialect.Dialect [main] HHH000400: Using dialect: org.hibernate.dialect.MySQL5Dialect
2021-05-16 13:45:49,950 INFO org.hibernate.tuple.PojoInstantiator [main] HHH000182: No default (no-argument) constructor for class: com.chrisenochdatingsite.Dating.site.entity.OpenQuestionImpl (class must be instantiated by Interceptor)
2021-05-16 13:45:50,058 INFO org.hibernate.engine.transaction.jta.platform.internal.JtaPlatformInitiator [main] HHH000490: Using JtaPlatform implementation: [org.hibernate.engine.transaction.jta.platform.internal.NoJtaPlatform]
2021-05-16 13:45:50,352 WARN org.springframework.boot.autoconfigure.orm.jpa.JpaBaseConfiguration$JpaWebConfiguration [main] spring.jpa.open-in-view is enabled by default. Therefore, database queries may be performed during view rendering. Explicitly configure spring.jpa.open-in-view to disable this warning
2021-05-16 13:45:50,570 INFO org.springframework.scheduling.concurrent.ExecutorConfigurationSupport [main] Initializing ExecutorService 'applicationTaskExecutor'
2021-05-16 13:45:50,619 INFO org.springframework.boot.autoconfigure.h2.H2ConsoleAutoConfiguration [main] H2 console available at '/h2-console'. Database available at 'jdbc:h2:mem:test'
2021-05-16 13:45:50,911 INFO org.springframework.data.repository.config.DeferredRepositoryInitializationListener [main] Triggering deferred initialization of Spring Data repositories…
2021-05-16 13:45:50,912 INFO org.springframework.data.repository.config.DeferredRepositoryInitializationListener [main] Spring Data repositories initialized!
2021-05-16 13:45:50,920 INFO org.springframework.boot.StartupInfoLogger [main] Started DatingSiteApplicationTests in 3.152 seconds (JVM running for 4.088)
2021-05-16 13:45:51,157 INFO org.springframework.test.context.support.AbstractTestContextBootstrapper [main] Neither @ContextConfiguration nor @ContextHierarchy found for test class [com.chrisenochdatingsite.Dating.site.TestH2], using SpringBootContextLoader
2021-05-16 13:45:51,158 INFO org.springframework.test.context.support.AbstractContextLoader [main] Could not detect default resource locations for test class [com.chrisenochdatingsite.Dating.site.TestH2]: no resource found for suffixes {-context.xml, Context.groovy}.
2021-05-16 13:45:51,158 INFO org.springframework.test.context.support.AnnotationConfigContextLoaderUtils [main] Could not detect default configuration classes for test class [com.chrisenochdatingsite.Dating.site.TestH2]: TestH2 does not declare any static, non-private, non-final, nested classes annotated with @Configuration.
2021-05-16 13:45:51,160 INFO org.springframework.boot.test.context.SpringBootTestContextBootstrapper [main] Found @SpringBootConfiguration com.chrisenochdatingsite.Dating.site.DatingSiteApplication for test class com.chrisenochdatingsite.Dating.site.TestH2
2021-05-16 13:45:51,162 INFO org.springframework.test.context.support.AbstractTestContextBootstrapper [main] Loaded default TestExecutionListener class names from location [META-INF/spring.factories]: [org.springframework.boot.test.mock.mockito.MockitoTestExecutionListener, org.springframework.boot.test.mock.mockito.ResetMocksTestExecutionListener, org.springframework.boot.test.autoconfigure.restdocs.RestDocsTestExecutionListener, org.springframework.boot.test.autoconfigure.web.client.MockRestServiceServerResetTestExecutionListener, org.springframework.boot.test.autoconfigure.web.servlet.MockMvcPrintOnlyOnFailureTestExecutionListener, org.springframework.boot.test.autoconfigure.web.servlet.WebDriverTestExecutionListener, org.springframework.boot.test.autoconfigure.webservices.client.MockWebServiceServerTestExecutionListener, org.springframework.test.context.web.ServletTestExecutionListener, org.springframework.test.context.support.DirtiesContextBeforeModesTestExecutionListener, org.springframework.test.context.support.DependencyInjectionTestExecutionListener, org.springframework.test.context.support.DirtiesContextTestExecutionListener, org.springframework.test.context.transaction.TransactionalTestExecutionListener, org.springframework.test.context.jdbc.SqlScriptsTestExecutionListener, org.springframework.test.context.event.EventPublishingTestExecutionListener]
2021-05-16 13:45:51,162 INFO org.springframework.test.context.support.AbstractTestContextBootstrapper [main] Using TestExecutionListeners: [org.springframework.test.context.web.ServletTestExecutionListener@575cfec1, org.springframework.test.context.support.DirtiesContextBeforeModesTestExecutionListener@32068aef, org.springframework.boot.test.mock.mockito.MockitoTestExecutionListener@8ab231, org.springframework.boot.test.autoconfigure.SpringBootDependencyInjectionTestExecutionListener@5b3a8bea, org.springframework.test.context.support.DirtiesContextTestExecutionListener@6ba0dcba, org.springframework.test.context.transaction.TransactionalTestExecutionListener@6d7772d3, org.springframework.test.context.jdbc.SqlScriptsTestExecutionListener@38394e76, org.springframework.test.context.event.EventPublishingTestExecutionListener@37d3e740, org.springframework.boot.test.mock.mockito.ResetMocksTestExecutionListener@5afba80c, org.springframework.boot.test.autoconfigure.restdocs.RestDocsTestExecutionListener@c4ca86a, org.springframework.boot.test.autoconfigure.web.client.MockRestServiceServerResetTestExecutionListener@7e741d6b, org.springframework.boot.test.autoconfigure.web.servlet.MockMvcPrintOnlyOnFailureTestExecutionListener@56351c02, org.springframework.boot.test.autoconfigure.web.servlet.WebDriverTestExecutionListener@51097500, org.springframework.boot.test.autoconfigure.webservices.client.MockWebServiceServerTestExecutionListener@386f88b3]
2021-05-16 13:45:51,396 DEBUG org.jboss.logging.DelegatingBasicLogger [main] Executing batch size: 1
2021-05-16 13:45:51,411 DEBUG org.jboss.logging.DelegatingBasicLogger [main] Executing batch size: 1
2021-05-16 13:45:51,421 DEBUG org.jboss.logging.DelegatingBasicLogger [main] Executing batch size: 1
2021-05-16 13:45:51,430 DEBUG org.jboss.logging.DelegatingBasicLogger [main] Executing batch size: 1
2021-05-16 13:45:51,439 DEBUG org.jboss.logging.DelegatingBasicLogger [main] Executing batch size: 1
2021-05-16 13:45:51,442 DEBUG org.jboss.logging.DelegatingBasicLogger [main] Executing batch size: 1
2021-05-16 13:45:51,444 DEBUG org.jboss.logging.DelegatingBasicLogger [main] Executing batch size: 1
2021-05-16 13:45:51,447 DEBUG org.jboss.logging.DelegatingBasicLogger [main] Executing batch size: 1
2021-05-16 13:45:51,450 DEBUG org.jboss.logging.DelegatingBasicLogger [main] Executing batch size: 1
2021-05-16 13:45:51,474 DEBUG org.jboss.logging.DelegatingBasicLogger [main] Executing batch size: 1
2021-05-16 13:45:51,475 DEBUG org.jboss.logging.DelegatingBasicLogger [main] Executing batch size: 3
2021-05-16 13:45:51,498 DEBUG org.jboss.logging.DelegatingBasicLogger [main] Executing batch size: 5
2021-05-16 13:45:51,500 DEBUG org.jboss.logging.DelegatingBasicLogger [main] Executing batch size: 3
2021-05-16 13:45:51,509 DEBUG org.jboss.logging.DelegatingBasicLogger [main] Executing batch size: 1
2021-05-16 13:45:51,510 INFO org.hibernate.engine.jdbc.batch.internal.AbstractBatchImpl [main] HHH000010: On release of batch it still contained JDBC statements
2021-05-16 13:45:51,510 ERROR org.hibernate.engine.jdbc.batch.internal.BatchingBatch [main] HHH000315: Exception executing batch [org.h2.jdbc.JdbcBatchUpdateException: Violación de Check constraint: "ANSWER_CONTENT_CHECK: (CASE WHEN (ANSWER_TYPE = 'answer_weighted') THEN CASE WHEN (ANSWERWEIGHT IS NOT NULL) THEN 1 ELSE 0 END ELSE 1 END = 1)"
Check constraint violation: "ANSWER_CONTENT_CHECK: (CASE WHEN (ANSWER_TYPE = 'answer_weighted') THEN CASE WHEN (ANSWERWEIGHT IS NOT NULL) THEN 1 ELSE 0 END ELSE 1 END = 1)"; SQL statement:
insert into Answer (answerText, question_id, answerWeight, answer_type, id) values (?, ?, ?, 'answer_weighted', ?) [23513-200]], SQL: insert into Answer (answerText, question_id, answerWeight, answer_type, id) values (?, ?, ?, 'answer_weighted', ?)
2021-05-16 13:45:51,511 WARN org.hibernate.engine.jdbc.spi.SqlExceptionHelper [main] SQL Error: 23513, SQLState: 23513
2021-05-16 13:45:51,511 ERROR org.hibernate.engine.jdbc.spi.SqlExceptionHelper [main] Violación de Check constraint: "ANSWER_CONTENT_CHECK: (CASE WHEN (ANSWER_TYPE = 'answer_weighted') THEN CASE WHEN (ANSWERWEIGHT IS NOT NULL) THEN 1 ELSE 0 END ELSE 1 END = 1)"
Check constraint violation: "ANSWER_CONTENT_CHECK: (CASE WHEN (ANSWER_TYPE = 'answer_weighted') THEN CASE WHEN (ANSWERWEIGHT IS NOT NULL) THEN 1 ELSE 0 END ELSE 1 END = 1)"; SQL statement:
insert into Answer (answerText, question_id, answerWeight, answer_type, id) values (?, ?, ?, 'answer_weighted', ?) [23513-200]
2021-05-16 13:45:51,569 INFO org.springframework.test.context.support.AbstractTestContextBootstrapper [main] Neither @ContextConfiguration nor @ContextHierarchy found for test class [com.chrisenochdatingsite.Dating.site.TestHomeController], using SpringBootContextLoader
2021-05-16 13:45:51,570 INFO org.springframework.test.context.support.AbstractContextLoader [main] Could not detect default resource locations for test class [com.chrisenochdatingsite.Dating.site.TestHomeController]: no resource found for suffixes {-context.xml, Context.groovy}.
2021-05-16 13:45:51,570 INFO org.springframework.test.context.support.AnnotationConfigContextLoaderUtils [main] Could not detect default configuration classes for test class [com.chrisenochdatingsite.Dating.site.TestHomeController]: TestHomeController does not declare any static, non-private, non-final, nested classes annotated with @Configuration.
2021-05-16 13:45:51,575 INFO org.springframework.boot.test.context.SpringBootTestContextBootstrapper [main] Found @SpringBootConfiguration com.chrisenochdatingsite.Dating.site.DatingSiteApplication for test class com.chrisenochdatingsite.Dating.site.TestHomeController
2021-05-16 13:45:51,578 INFO org.springframework.test.context.support.AbstractTestContextBootstrapper [main] Loaded default TestExecutionListener class names from location [META-INF/spring.factories]: [org.springframework.boot.test.mock.mockito.MockitoTestExecutionListener, org.springframework.boot.test.mock.mockito.ResetMocksTestExecutionListener, org.springframework.boot.test.autoconfigure.restdocs.RestDocsTestExecutionListener, org.springframework.boot.test.autoconfigure.web.client.MockRestServiceServerResetTestExecutionListener, org.springframework.boot.test.autoconfigure.web.servlet.MockMvcPrintOnlyOnFailureTestExecutionListener, org.springframework.boot.test.autoconfigure.web.servlet.WebDriverTestExecutionListener, org.springframework.boot.test.autoconfigure.webservices.client.MockWebServiceServerTestExecutionListener, org.springframework.test.context.web.ServletTestExecutionListener, org.springframework.test.context.support.DirtiesContextBeforeModesTestExecutionListener, org.springframework.test.context.support.DependencyInjectionTestExecutionListener, org.springframework.test.context.support.DirtiesContextTestExecutionListener, org.springframework.test.context.transaction.TransactionalTestExecutionListener, org.springframework.test.context.jdbc.SqlScriptsTestExecutionListener, org.springframework.test.context.event.EventPublishingTestExecutionListener]
2021-05-16 13:45:51,578 INFO org.springframework.test.context.support.AbstractTestContextBootstrapper [main] Using TestExecutionListeners: [org.springframework.test.context.web.ServletTestExecutionListener@41736818, org.springframework.test.context.support.DirtiesContextBeforeModesTestExecutionListener@457d3f54, org.springframework.boot.test.mock.mockito.MockitoTestExecutionListener@144792d5, org.springframework.boot.test.autoconfigure.SpringBootDependencyInjectionTestExecutionListener@1da61a29, org.springframework.test.context.support.DirtiesContextTestExecutionListener@47cf922d, org.springframework.test.context.transaction.TransactionalTestExecutionListener@6b64921f, org.springframework.test.context.jdbc.SqlScriptsTestExecutionListener@439d649c, org.springframework.test.context.event.EventPublishingTestExecutionListener@6e475994, org.springframework.boot.test.mock.mockito.ResetMocksTestExecutionListener@55a2f08b, org.springframework.boot.test.autoconfigure.restdocs.RestDocsTestExecutionListener@1a99744a, org.springframework.boot.test.autoconfigure.web.client.MockRestServiceServerResetTestExecutionListener@32084a01, org.springframework.boot.test.autoconfigure.web.servlet.MockMvcPrintOnlyOnFailureTestExecutionListener@66d73e2d, org.springframework.boot.test.autoconfigure.web.servlet.WebDriverTestExecutionListener@2433bcd4, org.springframework.boot.test.autoconfigure.webservices.client.MockWebServiceServerTestExecutionListener@75d9b73c]
2021-05-16 13:45:51,606 INFO org.springframework.boot.StartupInfoLogger [main] Starting TestHomeController on LAPTOP-AHLQDB75 with PID 16960 (started by chris in C:\Users\chris\OneDrive\Documentos\IT\_Java\Spring\Dating-site)
2021-05-16 13:45:51,606 INFO org.springframework.boot.SpringApplication [main] No active profile set, falling back to default profiles: default
2021-05-16 13:45:51,778 INFO org.springframework.data.repository.config.RepositoryConfigurationDelegate [main] Bootstrapping Spring Data JPA repositories in DEFERRED mode.
2021-05-16 13:45:51,795 INFO org.springframework.data.repository.config.RepositoryConfigurationDelegate [main] Finished Spring Data repository scanning in 16ms. Found 0 JPA repository interfaces.
2021-05-16 13:45:51,923 INFO org.hibernate.dialect.Dialect [main] HHH000400: Using dialect: org.hibernate.dialect.MySQL5Dialect
2021-05-16 13:45:51,982 INFO org.hibernate.tuple.PojoInstantiator [main] HHH000182: No default (no-argument) constructor for class: com.chrisenochdatingsite.Dating.site.entity.OpenQuestionImpl (class must be instantiated by Interceptor)
2021-05-16 13:45:52,012 INFO org.hibernate.engine.transaction.jta.platform.internal.JtaPlatformInitiator [main] HHH000490: Using JtaPlatform implementation: [org.hibernate.engine.transaction.jta.platform.internal.NoJtaPlatform]
2021-05-16 13:45:52,129 WARN org.springframework.boot.autoconfigure.orm.jpa.JpaBaseConfiguration$JpaWebConfiguration [main] spring.jpa.open-in-view is enabled by default. Therefore, database queries may be performed during view rendering. Explicitly configure spring.jpa.open-in-view to disable this warning
2021-05-16 13:45:52,216 INFO org.springframework.scheduling.concurrent.ExecutorConfigurationSupport [main] Initializing ExecutorService 'applicationTaskExecutor'
2021-05-16 13:45:52,229 INFO org.springframework.boot.autoconfigure.h2.H2ConsoleAutoConfiguration [main] H2 console available at '/h2-console'. Database available at 'jdbc:h2:mem:test'
2021-05-16 13:45:52,435 INFO org.springframework.mock.web.MockServletContext [main] Initializing Spring TestDispatcherServlet ''
2021-05-16 13:45:52,435 INFO org.springframework.web.servlet.FrameworkServlet [main] Initializing Servlet ''
2021-05-16 13:45:52,447 INFO org.springframework.web.servlet.FrameworkServlet [main] Completed initialization in 11 ms
2021-05-16 13:45:52,451 INFO org.springframework.data.repository.config.DeferredRepositoryInitializationListener [main] Triggering deferred initialization of Spring Data repositories…
2021-05-16 13:45:52,452 INFO org.springframework.data.repository.config.DeferredRepositoryInitializationListener [main] Spring Data repositories initialized!
2021-05-16 13:45:52,454 INFO org.springframework.boot.StartupInfoLogger [main] Started TestHomeController in 0.873 seconds (JVM running for 5.621)
2021-05-16 13:45:52,468 INFO org.springframework.scheduling.concurrent.ExecutorConfigurationSupport [SpringContextShutdownHook] Shutting down ExecutorService 'applicationTaskExecutor'
2021-05-16 13:45:52,468 INFO org.springframework.scheduling.concurrent.ExecutorConfigurationSupport [SpringContextShutdownHook] Shutting down ExecutorService 'applicationTaskExecutor'
